Using pre-set license
Built from '2020.3/release' branch; Version is '2020.3.15f2 (6cf78cb77498) revision 7141260'; Using compiler version '192528614'; Build Type 'Release'
OS: 'Windows 10 Pro; OS build 19043.1288; Version 2009; 64bit' Language: 'en' Physical Memory: 8023 MB
BatchMode: 1, IsHumanControllingUs: 0, StartBugReporterOnCrash: 0, Is64bit: 1, IsPro: 0

 COMMAND LINE ARGUMENTS:
D:\Program Files\Unity\2020.3.15f2\Editor\Unity.exe
-adb2
-batchMode
-noUpm
-name
AssetImportWorker1
-projectPath
D:/Documents/Kampus (Local)/SEM 7/PemGame/Unity Projects/PemGame
-logFile
Logs/AssetImportWorker1.log
-srvPort
49927
Successfully changed project path to: D:/Documents/Kampus (Local)/SEM 7/PemGame/Unity Projects/PemGame
D:/Documents/Kampus (Local)/SEM 7/PemGame/Unity Projects/PemGame
Using Asset Import Pipeline V2.
Refreshing native plugins compatible for Editor in 79.25 ms, found 2 plugins.
Preloading 0 native plugins for Editor in 0.00 ms.
Initialize engine version: 2020.3.15f2 (6cf78cb77498)
[Subsystems] Discovering subsystems at path D:/Program Files/Unity/2020.3.15f2/Editor/Data/Resources/UnitySubsystems
[Subsystems] Discovering subsystems at path D:/Documents/Kampus (Local)/SEM 7/PemGame/Unity Projects/PemGame/Assets
GfxDevice: creating device client; threaded=0
Direct3D:
    Version:  Direct3D 11.0 [level 11.1]
    Renderer: Radeon (TM) 530 (ID=0x6900)
    Vendor:   
    VRAM:     2038 MB
    Driver:   27.20.21003.8013
Initialize mono
Mono path[0] = 'D:/Program Files/Unity/2020.3.15f2/Editor/Data/Managed'
Mono path[1] = 'D:/Program Files/Unity/2020.3.15f2/Editor/Data/MonoBleedingEdge/lib/mono/unityjit'
Mono config path = 'D:/Program Files/Unity/2020.3.15f2/Editor/Data/MonoBleedingEdge/etc'
Using monoOptions --debugger-agent=transport=dt_socket,embedding=1,server=y,suspend=n,address=127.0.0.1:56676
Begin MonoManager ReloadAssembly
Registering precompiled unity dll's ...
Register platform support module: D:/Program Files/Unity/2020.3.15f2/Editor/Data/PlaybackEngines/WindowsStandaloneSupport/UnityEditor.WindowsStandalone.Extensions.dll
Registered in 0.001551 seconds.
Native extension for WindowsStandalone target not found
Refreshing native plugins compatible for Editor in 82.46 ms, found 2 plugins.
Preloading 0 native plugins for Editor in 0.00 ms.
Mono: successfully reloaded assembly
- Completed reload, in  2.728 seconds
Domain Reload Profiling:
	ReloadAssembly (2728ms)
		BeginReloadAssembly (87ms)
			ExecutionOrderSort (0ms)
			DisableScriptedObjects (0ms)
			BackupInstance (0ms)
			ReleaseScriptingObjects (0ms)
			CreateAndSetChildDomain (1ms)
		EndReloadAssembly (532ms)
			LoadAssemblies (86ms)
			RebuildTransferFunctionScriptingTraits (0ms)
			SetupTypeCache (197ms)
			ReleaseScriptCaches (0ms)
			RebuildScriptCaches (38ms)
			SetupLoadedEditorAssemblies (228ms)
				LogAssemblyErrors (0ms)
				InitializePlatformSupportModulesInManaged (4ms)
				SetLoadedEditorAssemblies (0ms)
				RefreshPlugins (83ms)
				BeforeProcessingInitializeOnLoad (12ms)
				ProcessInitializeOnLoadAttributes (96ms)
				ProcessInitializeOnLoadMethodAttributes (33ms)
				AfterProcessingInitializeOnLoad (0ms)
				EditorAssembliesLoaded (0ms)
			ExecutionOrderSort2 (0ms)
			AwakeInstancesAfterBackupRestoration (0ms)
Platform modules already initialized, skipping
Registering precompiled user dll's ...
Registered in 0.004744 seconds.
Begin MonoManager ReloadAssembly
Native extension for WindowsStandalone target not found
Refreshing native plugins compatible for Editor in 1.10 ms, found 2 plugins.
Preloading 0 native plugins for Editor in 0.00 ms.
Mono: successfully reloaded assembly
- Completed reload, in  1.719 seconds
Domain Reload Profiling:
	ReloadAssembly (1725ms)
		BeginReloadAssembly (188ms)
			ExecutionOrderSort (0ms)
			DisableScriptedObjects (5ms)
			BackupInstance (0ms)
			ReleaseScriptingObjects (0ms)
			CreateAndSetChildDomain (23ms)
		EndReloadAssembly (1465ms)
			LoadAssemblies (127ms)
			RebuildTransferFunctionScriptingTraits (0ms)
			SetupTypeCache (333ms)
			ReleaseScriptCaches (1ms)
			RebuildScriptCaches (53ms)
			SetupLoadedEditorAssemblies (859ms)
				LogAssemblyErrors (0ms)
				InitializePlatformSupportModulesInManaged (5ms)
				SetLoadedEditorAssemblies (1ms)
				RefreshPlugins (1ms)
				BeforeProcessingInitializeOnLoad (110ms)
				ProcessInitializeOnLoadAttributes (734ms)
				ProcessInitializeOnLoadMethodAttributes (5ms)
				AfterProcessingInitializeOnLoad (3ms)
				EditorAssembliesLoaded (0ms)
			ExecutionOrderSort2 (0ms)
			AwakeInstancesAfterBackupRestoration (8ms)
Platform modules already initialized, skipping
========================================================================
Worker process is ready to serve import requests
Launched and connected shader compiler UnityShaderCompiler.exe after 0.31 seconds
Refreshing native plugins compatible for Editor in 1.01 ms, found 2 plugins.
Preloading 0 native plugins for Editor in 0.00 ms.
Unloading 1667 Unused Serialized files (Serialized files now loaded: 0)
System memory in use before: 134.1 MB.
System memory in use after: 133.8 MB.

Unloading 21 unused Assets to reduce memory usage. Loaded Objects now: 2136.
Total: 3.553400 ms (FindLiveObjects: 0.324200 ms CreateObjectMapping: 0.082600 ms MarkObjects: 2.645500 ms  DeleteObjects: 0.499900 ms)

AssetImportParameters requested are different than current active one (requested -> active):
  custom:framework-win-MediaFoundation: 216162199b28c13a410421893ffa2e32 -> 
  custom:video-decoder-ogg-theora: a1e56fd34408186e4bbccfd4996cb3dc -> 
  custom:container-muxer-webm: aa71ff27fc2769a1b78a27578f13a17b -> 
  custom:container-demuxer-webm: 4f35f7cbe854078d1ac9338744f61a02 -> 
  custom:container-demuxer-ogg: 62fdf1f143b41e24485cea50d1cbac27 -> 
  custom:video-encoder-webm-vp8: eb34c28f22e8b96e1ab97ce403110664 -> 
  custom:video-decoder-webm-vp8: 9c59270c3fd7afecdb556c50c9e8de78 -> 
  custom:audio-decoder-ogg-vorbis: bf7c407c2cedff20999df2af8eb42d56 -> 
  custom:audio-encoder-webm-vorbis: bf7c407c2cedff20999df2af8eb42d56 -> 
========================================================================
Received Import Request.
  path: Assets/Desert Buildings/Models/Desert_Building_V1.fbx
  artifactKey: Guid(580c90969851672439cff9df3cdd337a) Importer(815301076,1909f56bfc062723c751e8b465ee728b)
Start importing Assets/Desert Buildings/Models/Desert_Building_V1.fbx using Guid(580c90969851672439cff9df3cdd337a) Importer(815301076,1909f56bfc062723c751e8b465ee728b)  -> (artifact id: '48cbdffc997aa6a043a8f9c0b9c2c76e') in 0.539643 seconds 
  Import took 0.578802 seconds .

========================================================================
Received Import Request.
  Time since last request: 0.000353 seconds.
  path: Assets/Desert Buildings/Materials/Desert_Building_V5.mat
  artifactKey: Guid(44472d1e399a99a41956b4dd04f42d89) Importer(815301076,1909f56bfc062723c751e8b465ee728b)
Start importing Assets/Desert Buildings/Materials/Desert_Building_V5.mat using Guid(44472d1e399a99a41956b4dd04f42d89) Importer(815301076,1909f56bfc062723c751e8b465ee728b)  -> (artifact id: '9022ae7c3fb685dc6dfec55c3b7194ad') in 0.254770 seconds 
  Import took 0.279362 seconds .

========================================================================
Received Import Request.
  Time since last request: 0.000911 seconds.
  path: Assets/Desert Buildings/Textures/Desert_Building_V1_AlbedoTransparency.png
  artifactKey: Guid(33a7e5f4696b37d4aae7c5a1f057a90b) Importer(815301076,1909f56bfc062723c751e8b465ee728b)
Start importing Assets/Desert Buildings/Textures/Desert_Building_V1_AlbedoTransparency.png using Guid(33a7e5f4696b37d4aae7c5a1f057a90b) Importer(815301076,1909f56bfc062723c751e8b465ee728b)  -> (artifact id: 'd1d40f080c03ed187de15e28f8900ecc') in 0.084992 seconds 
  Import took 0.091835 seconds .

========================================================================
Received Import Request.
  Time since last request: 0.000328 seconds.
  path: Assets/Desert Buildings/Materials/Desert_Building_V4.mat
  artifactKey: Guid(279eabbfb8210a24892451b6b77abd6e) Importer(815301076,1909f56bfc062723c751e8b465ee728b)
Start importing Assets/Desert Buildings/Materials/Desert_Building_V4.mat using Guid(279eabbfb8210a24892451b6b77abd6e) Importer(815301076,1909f56bfc062723c751e8b465ee728b)  -> (artifact id: 'f7d857795d9593aaa8652932a9da577c') in 0.040124 seconds 
  Import took 0.068341 seconds .

========================================================================
Received Import Request.
  Time since last request: 0.000398 seconds.
  path: Assets/Desert Buildings/Materials/Desert_Building_V1.mat
  artifactKey: Guid(30a062116c2cd6749bfbebd78e7c514b) Importer(815301076,1909f56bfc062723c751e8b465ee728b)
Start importing Assets/Desert Buildings/Materials/Desert_Building_V1.mat using Guid(30a062116c2cd6749bfbebd78e7c514b) Importer(815301076,1909f56bfc062723c751e8b465ee728b)  -> (artifact id: '3527efcbf6a665a78b42f6ec35a0163a') in 0.025266 seconds 
  Import took 0.042484 seconds .

========================================================================
Received Import Request.
  Time since last request: 0.000403 seconds.
  path: Assets/Desert Buildings/Models/Desert_Building_V2.fbx
  artifactKey: Guid(504da36907c9cff48af2c073b502e26b) Importer(815301076,1909f56bfc062723c751e8b465ee728b)
Start importing Assets/Desert Buildings/Models/Desert_Building_V2.fbx using Guid(504da36907c9cff48af2c073b502e26b) Importer(815301076,1909f56bfc062723c751e8b465ee728b)  -> (artifact id: 'b9a897402cae8cf6a3697f98eef3a68c') in 0.019957 seconds 
  Import took 0.069507 seconds .

========================================================================
Received Import Request.
  Time since last request: 0.000278 seconds.
  path: Assets/Desert Buildings/Textures/Desert_Building_V2_Normal.png
  artifactKey: Guid(6a74d327ed718f34c9804e7c44849c4d) Importer(815301076,1909f56bfc062723c751e8b465ee728b)
Start importing Assets/Desert Buildings/Textures/Desert_Building_V2_Normal.png using Guid(6a74d327ed718f34c9804e7c44849c4d) Importer(815301076,1909f56bfc062723c751e8b465ee728b)  -> (artifact id: '7a3f7d18e1edeb10e9976fc9a2e40c44') in 0.020436 seconds 
  Import took 0.033326 seconds .

========================================================================
Received Import Request.
  Time since last request: 0.000355 seconds.
  path: Assets/Desert Buildings/Textures/Desert_Building_V3_Normal.png
  artifactKey: Guid(a79cb7aa9eae89247902725181798fe3) Importer(815301076,1909f56bfc062723c751e8b465ee728b)
Start importing Assets/Desert Buildings/Textures/Desert_Building_V3_Normal.png using Guid(a79cb7aa9eae89247902725181798fe3) Importer(815301076,1909f56bfc062723c751e8b465ee728b)  -> (artifact id: '6babac88b1ca139b8a975901798eb7d6') in 0.016615 seconds 
  Import took 0.111186 seconds .

========================================================================
Received Import Request.
  Time since last request: 0.001477 seconds.
  path: Assets/Desert Buildings/Materials/Desert_Building_V2.mat
  artifactKey: Guid(1ccdb31da12638f469ee978eb5e8ff05) Importer(815301076,1909f56bfc062723c751e8b465ee728b)
Start importing Assets/Desert Buildings/Materials/Desert_Building_V2.mat using Guid(1ccdb31da12638f469ee978eb5e8ff05) Importer(815301076,1909f56bfc062723c751e8b465ee728b)  -> (artifact id: '904fc1bdefb2408edb8b3129f007ea98') in 0.047192 seconds 
  Import took 0.054558 seconds .

========================================================================
Received Import Request.
  Time since last request: 0.000353 seconds.
  path: Assets/Desert Buildings/Textures/Desert_Building_V1_Normal.png
  artifactKey: Guid(0b21089cda09b2d43a44d3b9715267cf) Importer(815301076,1909f56bfc062723c751e8b465ee728b)
Start importing Assets/Desert Buildings/Textures/Desert_Building_V1_Normal.png using Guid(0b21089cda09b2d43a44d3b9715267cf) Importer(815301076,1909f56bfc062723c751e8b465ee728b)  -> (artifact id: '24941ad63df1bbdb518b472aeed1587a') in 0.017210 seconds 
  Import took 0.022021 seconds .

========================================================================
Received Import Request.
  Time since last request: 0.000310 seconds.
  path: Assets/Desert Buildings/Textures/Desert_Building_V2_AlbedoTransparency.png
  artifactKey: Guid(3b2baef91083fd04496d07d1c6777790) Importer(815301076,1909f56bfc062723c751e8b465ee728b)
Start importing Assets/Desert Buildings/Textures/Desert_Building_V2_AlbedoTransparency.png using Guid(3b2baef91083fd04496d07d1c6777790) Importer(815301076,1909f56bfc062723c751e8b465ee728b)  -> (artifact id: '831d854f836e3e7bc30e16854b0cfaa6') in 0.017569 seconds 
  Import took 0.039787 seconds .

========================================================================
Received Import Request.
  Time since last request: 0.000310 seconds.
  path: Assets/Desert Buildings/Textures/Desert_Building_V2_MetallicSmoothness.png
  artifactKey: Guid(749cd4ebdc5e32b4d86cf9aba860355a) Importer(815301076,1909f56bfc062723c751e8b465ee728b)
Start importing Assets/Desert Buildings/Textures/Desert_Building_V2_MetallicSmoothness.png using Guid(749cd4ebdc5e32b4d86cf9aba860355a) Importer(815301076,1909f56bfc062723c751e8b465ee728b)  -> (artifact id: 'b37d8c838ae5a6d67c47632c31f617d2') in 0.017329 seconds 
  Import took 0.070993 seconds .

========================================================================
Received Import Request.
  Time since last request: 0.000303 seconds.
  path: Assets/Desert Buildings/Models/Desert_Building_V5.fbx
  artifactKey: Guid(c2de079163f323b4fa8ee3c423f48986) Importer(815301076,1909f56bfc062723c751e8b465ee728b)
Start importing Assets/Desert Buildings/Models/Desert_Building_V5.fbx using Guid(c2de079163f323b4fa8ee3c423f48986) Importer(815301076,1909f56bfc062723c751e8b465ee728b)  -> (artifact id: '4ce4f0e2233b54cb54f11e4514bc0b9c') in 0.025372 seconds 
  Import took 0.051031 seconds .

========================================================================
Received Import Request.
  Time since last request: 0.000330 seconds.
  path: Assets/Desert Buildings/Prefabs/Desert_Building_V3.prefab
  artifactKey: Guid(14109c6f26a2be34c8ac4c0eb01f3aec) Importer(815301076,1909f56bfc062723c751e8b465ee728b)
Start importing Assets/Desert Buildings/Prefabs/Desert_Building_V3.prefab using Guid(14109c6f26a2be34c8ac4c0eb01f3aec) Importer(815301076,1909f56bfc062723c751e8b465ee728b)  -> (artifact id: 'df40285caf770e204a0903faadb0eccb') in 0.030451 seconds 
  Import took 0.058951 seconds .

========================================================================
Received Import Request.
  Time since last request: 0.000429 seconds.
  path: Assets/Desert Buildings/Textures/Desert_Building_V5_MetallicSmoothness.png
  artifactKey: Guid(468ceaa59f820e74ba510d0503803f89) Importer(815301076,1909f56bfc062723c751e8b465ee728b)
Start importing Assets/Desert Buildings/Textures/Desert_Building_V5_MetallicSmoothness.png using Guid(468ceaa59f820e74ba510d0503803f89) Importer(815301076,1909f56bfc062723c751e8b465ee728b)  -> (artifact id: 'b08868a540e8ca19b7c9ddec72b5f8a6') in 0.026748 seconds 
  Import took 0.040491 seconds .

========================================================================
Received Import Request.
  Time since last request: 0.000467 seconds.
  path: Assets/Desert Buildings/Prefabs/Desert_Building_V1.prefab
  artifactKey: Guid(36f3c19a7597eb94987d9f341e3010eb) Importer(815301076,1909f56bfc062723c751e8b465ee728b)
Start importing Assets/Desert Buildings/Prefabs/Desert_Building_V1.prefab using Guid(36f3c19a7597eb94987d9f341e3010eb) Importer(815301076,1909f56bfc062723c751e8b465ee728b)  -> (artifact id: 'ed20ef23cfa274bf4ce444df153a6306') in 0.036048 seconds 
  Import took 0.068432 seconds .

========================================================================
Received Import Request.
  Time since last request: 0.000566 seconds.
  path: Assets/Desert Buildings/Prefabs/Desert_Building_V5.prefab
  artifactKey: Guid(3cc32b211ba11174199a64a41ce904c2) Importer(815301076,1909f56bfc062723c751e8b465ee728b)
Start importing Assets/Desert Buildings/Prefabs/Desert_Building_V5.prefab using Guid(3cc32b211ba11174199a64a41ce904c2) Importer(815301076,1909f56bfc062723c751e8b465ee728b)  -> (artifact id: '8c9ef0d99e0ff5f35d2d5e198766c096') in 0.039147 seconds 
  Import took 0.065736 seconds .

========================================================================
Received Import Request.
  Time since last request: 0.000292 seconds.
  path: Assets/Desert Buildings/Textures/Desert_Building_V3_AlbedoTransparency.png
  artifactKey: Guid(8dcbdcc0a99403842ad7ce1073e73be4) Importer(815301076,1909f56bfc062723c751e8b465ee728b)
Start importing Assets/Desert Buildings/Textures/Desert_Building_V3_AlbedoTransparency.png using Guid(8dcbdcc0a99403842ad7ce1073e73be4) Importer(815301076,1909f56bfc062723c751e8b465ee728b)  -> (artifact id: 'f34d313637e5e2409070afa3900900f7') in 0.017531 seconds 
  Import took 0.033270 seconds .

========================================================================
Received Import Request.
  Time since last request: 0.000277 seconds.
  path: Assets/Desert Buildings/Models/Desert_Building_V3.fbx
  artifactKey: Guid(47eef5e0f202f2040a9e9db524a58c16) Importer(815301076,1909f56bfc062723c751e8b465ee728b)
Start importing Assets/Desert Buildings/Models/Desert_Building_V3.fbx using Guid(47eef5e0f202f2040a9e9db524a58c16) Importer(815301076,1909f56bfc062723c751e8b465ee728b)  -> (artifact id: '06fbf6c4277a55f1b9794c3091f7e4f9') in 0.022824 seconds 
  Import took 0.085724 seconds .

========================================================================
Received Import Request.
  Time since last request: 0.000965 seconds.
  path: Assets/Desert Buildings/Models/Desert_Building_V4.fbx
  artifactKey: Guid(9ec92fc72f132874cb88a8aa45f32a05) Importer(815301076,1909f56bfc062723c751e8b465ee728b)
Start importing Assets/Desert Buildings/Models/Desert_Building_V4.fbx using Guid(9ec92fc72f132874cb88a8aa45f32a05) Importer(815301076,1909f56bfc062723c751e8b465ee728b)  -> (artifact id: '7772e6dd2234eb21f39ee60af0fd6362') in 0.048865 seconds 
  Import took 0.069955 seconds .

========================================================================
Received Import Request.
  Time since last request: 0.000488 seconds.
  path: Assets/Desert Buildings/Textures/Desert_Building_V4_MetallicSmoothness.png
  artifactKey: Guid(df18f583dcb59ca44939414076f8592b) Importer(815301076,1909f56bfc062723c751e8b465ee728b)
Start importing Assets/Desert Buildings/Textures/Desert_Building_V4_MetallicSmoothness.png using Guid(df18f583dcb59ca44939414076f8592b) Importer(815301076,1909f56bfc062723c751e8b465ee728b)  -> (artifact id: '538c0e3d5533a93b130a6acf6b7ea220') in 0.019160 seconds 
  Import took 0.070372 seconds .

========================================================================
Received Import Request.
  Time since last request: 0.000564 seconds.
  path: Assets/Desert Buildings/Textures/Desert_Building_V5_Normal.png
  artifactKey: Guid(53c15e5a041d5f444956c70faa587593) Importer(815301076,1909f56bfc062723c751e8b465ee728b)
Start importing Assets/Desert Buildings/Textures/Desert_Building_V5_Normal.png using Guid(53c15e5a041d5f444956c70faa587593) Importer(815301076,1909f56bfc062723c751e8b465ee728b)  -> (artifact id: 'af81d121308ca957e3c45430f55049ef') in 0.050608 seconds 
  Import took 0.074103 seconds .

========================================================================
Received Import Request.
  Time since last request: 0.000379 seconds.
  path: Assets/Desert Buildings/Textures/Desert_Building_V4_AlbedoTransparency.png
  artifactKey: Guid(e50e797a76d91e24995c7e638c20c03b) Importer(815301076,1909f56bfc062723c751e8b465ee728b)
Start importing Assets/Desert Buildings/Textures/Desert_Building_V4_AlbedoTransparency.png using Guid(e50e797a76d91e24995c7e638c20c03b) Importer(815301076,1909f56bfc062723c751e8b465ee728b)  -> (artifact id: '7a83951be3b507c716ddb7ac6f1fe2fa') in 0.034472 seconds 
  Import took 0.037811 seconds .

========================================================================
Received Import Request.
  Time since last request: 0.000309 seconds.
  path: Assets/Desert Buildings/Textures/Desert_Building_V4_Normal.png
  artifactKey: Guid(15f843ed9ce06d84198c87c154f0067f) Importer(815301076,1909f56bfc062723c751e8b465ee728b)
Start importing Assets/Desert Buildings/Textures/Desert_Building_V4_Normal.png using Guid(15f843ed9ce06d84198c87c154f0067f) Importer(815301076,1909f56bfc062723c751e8b465ee728b)  -> (artifact id: '4cbcd115bd6e2e11a673a40d82ac0028') in 0.015978 seconds 
  Import took 0.019414 seconds .

========================================================================
Received Import Request.
  Time since last request: 0.000333 seconds.
  path: Assets/Desert Buildings/Textures/Desert_Building_V1_MetallicSmoothness.png
  artifactKey: Guid(fb50cdcd34369f94eabf323b361e7fa2) Importer(815301076,1909f56bfc062723c751e8b465ee728b)
Start importing Assets/Desert Buildings/Textures/Desert_Building_V1_MetallicSmoothness.png using Guid(fb50cdcd34369f94eabf323b361e7fa2) Importer(815301076,1909f56bfc062723c751e8b465ee728b)  -> (artifact id: '22b09a2956bf09b36be98fa4f6ce25a2') in 0.016967 seconds 
  Import took 0.040788 seconds .

========================================================================
Received Import Request.
  Time since last request: 0.000359 seconds.
  path: Assets/Desert Buildings/Textures/Desert_Building_V5_AlbedoTransparency.png
  artifactKey: Guid(50120ee86de518a4b85e1d00006b0d40) Importer(815301076,1909f56bfc062723c751e8b465ee728b)
Start importing Assets/Desert Buildings/Textures/Desert_Building_V5_AlbedoTransparency.png using Guid(50120ee86de518a4b85e1d00006b0d40) Importer(815301076,1909f56bfc062723c751e8b465ee728b)  -> (artifact id: '271d8c92af4a9483b4e506d8d4b03235') in 0.015351 seconds 
  Import took 0.020360 seconds .

========================================================================
Received Import Request.
  Time since last request: 0.000304 seconds.
  path: Assets/Desert Buildings/Materials/Desert_Building_V3.mat
  artifactKey: Guid(77caf1b58573ebc4c91a392c11d5984f) Importer(815301076,1909f56bfc062723c751e8b465ee728b)
Start importing Assets/Desert Buildings/Materials/Desert_Building_V3.mat using Guid(77caf1b58573ebc4c91a392c11d5984f) Importer(815301076,1909f56bfc062723c751e8b465ee728b)  -> (artifact id: '3500bfef41dcdd088b0204463029d5f7') in 0.026448 seconds 
  Import took 0.038307 seconds .

========================================================================
Received Import Request.
  Time since last request: 0.000316 seconds.
  path: Assets/Desert Buildings/Prefabs/Desert_Building_V4.prefab
  artifactKey: Guid(e3deda9cbdf55484a80b96efb01909cd) Importer(815301076,1909f56bfc062723c751e8b465ee728b)
Start importing Assets/Desert Buildings/Prefabs/Desert_Building_V4.prefab using Guid(e3deda9cbdf55484a80b96efb01909cd) Importer(815301076,1909f56bfc062723c751e8b465ee728b)  -> (artifact id: '0da8a307340b34dbf96a256d29f2711c') in 0.024649 seconds 
  Import took 0.034985 seconds .

========================================================================
Received Import Request.
  Time since last request: 0.000269 seconds.
  path: Assets/Desert Buildings/Textures/Desert_Building_V3_MetallicSmoothness.png
  artifactKey: Guid(2998659bbc18c664db1e6e85d2d1b741) Importer(815301076,1909f56bfc062723c751e8b465ee728b)
Start importing Assets/Desert Buildings/Textures/Desert_Building_V3_MetallicSmoothness.png using Guid(2998659bbc18c664db1e6e85d2d1b741) Importer(815301076,1909f56bfc062723c751e8b465ee728b)  -> (artifact id: '57cff13e3f9187e369b59cbedd7f9e44') in 0.015699 seconds 
  Import took 0.039514 seconds .

========================================================================
Received Import Request.
  Time since last request: 0.000335 seconds.
  path: Assets/Desert Buildings/Prefabs/Desert_Building_V2.prefab
  artifactKey: Guid(9923332096aa0a54587e28f246da49de) Importer(815301076,1909f56bfc062723c751e8b465ee728b)
Start importing Assets/Desert Buildings/Prefabs/Desert_Building_V2.prefab using Guid(9923332096aa0a54587e28f246da49de) Importer(815301076,1909f56bfc062723c751e8b465ee728b)  -> (artifact id: 'e21a877f10243f53cfa8f29abbb26234') in 0.024404 seconds 
  Import took 0.027534 seconds .

========================================================================
Received Import Request.
  Time since last request: 265.312254 seconds.
  path: Assets/Samples/Terrain Tools/0.1.0-preview/Terrain Assets/TerrainBrushes/terrainstamp_canyon02.brush
  artifactKey: Guid(7ddc1e59f6e82cc4693b55b0badb4aa3) Importer(815301076,1909f56bfc062723c751e8b465ee728b)
Start importing Assets/Samples/Terrain Tools/0.1.0-preview/Terrain Assets/TerrainBrushes/terrainstamp_canyon02.brush using Guid(7ddc1e59f6e82cc4693b55b0badb4aa3) Importer(815301076,1909f56bfc062723c751e8b465ee728b)  -> (artifact id: 'e77a28b7fdc5049434fd77173bb3d63c') in 0.082048 seconds 
  Import took 0.090499 seconds .

========================================================================
Received Import Request.
  Time since last request: 0.006932 seconds.
  path: Assets/Samples/Terrain Tools/0.1.0-preview/Terrain Assets/TerrainBrushes/terrainstamp_canyon02.brush
  artifactKey: Guid(7ddc1e59f6e82cc4693b55b0badb4aa3) Importer(815301076,1909f56bfc062723c751e8b465ee728b)
Start importing Assets/Samples/Terrain Tools/0.1.0-preview/Terrain Assets/TerrainBrushes/terrainstamp_canyon02.brush using Guid(7ddc1e59f6e82cc4693b55b0badb4aa3) Importer(815301076,1909f56bfc062723c751e8b465ee728b)  -> (artifact id: 'e77a28b7fdc5049434fd77173bb3d63c') in 0.029476 seconds 
  Import took 0.035421 seconds .

AssetImportWorkerClient::OnTransportError - code=2 error=End of file
