Using pre-set license
Built from '2020.3/release' branch; Version is '2020.3.15f2 (6cf78cb77498) revision 7141260'; Using compiler version '192528614'; Build Type 'Release'
OS: 'Windows 10 Pro; OS build 19043.1266; Version 2009; 64bit' Language: 'en' Physical Memory: 8023 MB
BatchMode: 1, IsHumanControllingUs: 0, StartBugReporterOnCrash: 0, Is64bit: 1, IsPro: 0

 COMMAND LINE ARGUMENTS:
D:\Program Files\Unity\2020.3.15f2\Editor\Unity.exe
-adb2
-batchMode
-noUpm
-name
AssetImportWorker5
-projectPath
D:/Documents/Kampus (Local)/SEM 7/PemGame/Unity Projects/PemGame
-logFile
Logs/AssetImportWorker5.log
-srvPort
63440
Successfully changed project path to: D:/Documents/Kampus (Local)/SEM 7/PemGame/Unity Projects/PemGame
D:/Documents/Kampus (Local)/SEM 7/PemGame/Unity Projects/PemGame
Using Asset Import Pipeline V2.
Refreshing native plugins compatible for Editor in 212.37 ms, found 2 plugins.
Preloading 0 native plugins for Editor in 0.00 ms.
Initialize engine version: 2020.3.15f2 (6cf78cb77498)
[Subsystems] Discovering subsystems at path D:/Program Files/Unity/2020.3.15f2/Editor/Data/Resources/UnitySubsystems
[Subsystems] Discovering subsystems at path D:/Documents/Kampus (Local)/SEM 7/PemGame/Unity Projects/PemGame/Assets
GfxDevice: creating device client; threaded=0
Direct3D:
    Version:  Direct3D 11.0 [level 11.1]
    Renderer: Radeon (TM) 530 (ID=0x6900)
    Vendor:   
    VRAM:     2038 MB
    Driver:   27.20.21003.8013
Initialize mono
Mono path[0] = 'D:/Program Files/Unity/2020.3.15f2/Editor/Data/Managed'
Mono path[1] = 'D:/Program Files/Unity/2020.3.15f2/Editor/Data/MonoBleedingEdge/lib/mono/unityjit'
Mono config path = 'D:/Program Files/Unity/2020.3.15f2/Editor/Data/MonoBleedingEdge/etc'
Using monoOptions --debugger-agent=transport=dt_socket,embedding=1,server=y,suspend=n,address=127.0.0.1:56868
Begin MonoManager ReloadAssembly
Registering precompiled unity dll's ...
Register platform support module: D:/Program Files/Unity/2020.3.15f2/Editor/Data/PlaybackEngines/WindowsStandaloneSupport/UnityEditor.WindowsStandalone.Extensions.dll
Registered in 0.005243 seconds.
Native extension for WindowsStandalone target not found
Refreshing native plugins compatible for Editor in 293.13 ms, found 2 plugins.
Preloading 0 native plugins for Editor in 0.00 ms.
Mono: successfully reloaded assembly
- Completed reload, in  8.876 seconds
Domain Reload Profiling:
	ReloadAssembly (8877ms)
		BeginReloadAssembly (233ms)
			ExecutionOrderSort (0ms)
			DisableScriptedObjects (0ms)
			BackupInstance (0ms)
			ReleaseScriptingObjects (0ms)
			CreateAndSetChildDomain (3ms)
		EndReloadAssembly (1768ms)
			LoadAssemblies (232ms)
			RebuildTransferFunctionScriptingTraits (0ms)
			SetupTypeCache (670ms)
			ReleaseScriptCaches (0ms)
			RebuildScriptCaches (143ms)
			SetupLoadedEditorAssemblies (717ms)
				LogAssemblyErrors (0ms)
				InitializePlatformSupportModulesInManaged (12ms)
				SetLoadedEditorAssemblies (1ms)
				RefreshPlugins (293ms)
				BeforeProcessingInitializeOnLoad (39ms)
				ProcessInitializeOnLoadAttributes (271ms)
				ProcessInitializeOnLoadMethodAttributes (100ms)
				AfterProcessingInitializeOnLoad (0ms)
				EditorAssembliesLoaded (1ms)
			ExecutionOrderSort2 (0ms)
			AwakeInstancesAfterBackupRestoration (0ms)
Platform modules already initialized, skipping
Registering precompiled user dll's ...
Registered in 0.014461 seconds.
Begin MonoManager ReloadAssembly
Native extension for WindowsStandalone target not found
Refreshing native plugins compatible for Editor in 1.47 ms, found 2 plugins.
Preloading 0 native plugins for Editor in 0.00 ms.
Mono: successfully reloaded assembly
- Completed reload, in  4.137 seconds
Domain Reload Profiling:
	ReloadAssembly (4141ms)
		BeginReloadAssembly (624ms)
			ExecutionOrderSort (0ms)
			DisableScriptedObjects (18ms)
			BackupInstance (0ms)
			ReleaseScriptingObjects (0ms)
			CreateAndSetChildDomain (54ms)
		EndReloadAssembly (3323ms)
			LoadAssemblies (407ms)
			RebuildTransferFunctionScriptingTraits (0ms)
			SetupTypeCache (933ms)
			ReleaseScriptCaches (1ms)
			RebuildScriptCaches (176ms)
			SetupLoadedEditorAssemblies (1597ms)
				LogAssemblyErrors (0ms)
				InitializePlatformSupportModulesInManaged (16ms)
				SetLoadedEditorAssemblies (1ms)
				RefreshPlugins (2ms)
				BeforeProcessingInitializeOnLoad (283ms)
				ProcessInitializeOnLoadAttributes (1267ms)
				ProcessInitializeOnLoadMethodAttributes (16ms)
				AfterProcessingInitializeOnLoad (10ms)
				EditorAssembliesLoaded (1ms)
			ExecutionOrderSort2 (0ms)
			AwakeInstancesAfterBackupRestoration (22ms)
Platform modules already initialized, skipping
========================================================================
Worker process is ready to serve import requests
Launched and connected shader compiler UnityShaderCompiler.exe after 0.93 seconds
Refreshing native plugins compatible for Editor in 2.76 ms, found 2 plugins.
Preloading 0 native plugins for Editor in 0.00 ms.
Unloading 1667 Unused Serialized files (Serialized files now loaded: 0)
System memory in use before: 134.0 MB.
System memory in use after: 133.7 MB.

Unloading 21 unused Assets to reduce memory usage. Loaded Objects now: 2136.
Total: 10.682100 ms (FindLiveObjects: 0.832700 ms CreateObjectMapping: 0.352600 ms MarkObjects: 7.988200 ms  DeleteObjects: 1.505200 ms)

AssetImportParameters requested are different than current active one (requested -> active):
  custom:framework-win-MediaFoundation: 216162199b28c13a410421893ffa2e32 -> 
  custom:video-decoder-ogg-theora: a1e56fd34408186e4bbccfd4996cb3dc -> 
  custom:container-muxer-webm: aa71ff27fc2769a1b78a27578f13a17b -> 
  custom:container-demuxer-webm: 4f35f7cbe854078d1ac9338744f61a02 -> 
  custom:container-demuxer-ogg: 62fdf1f143b41e24485cea50d1cbac27 -> 
  custom:video-encoder-webm-vp8: eb34c28f22e8b96e1ab97ce403110664 -> 
  custom:video-decoder-webm-vp8: 9c59270c3fd7afecdb556c50c9e8de78 -> 
  custom:audio-decoder-ogg-vorbis: bf7c407c2cedff20999df2af8eb42d56 -> 
  custom:audio-encoder-webm-vorbis: bf7c407c2cedff20999df2af8eb42d56 -> 
========================================================================
Received Import Request.
  path: Assets/Medieval Mega Pack/MMP 1/FBX/Castle Wall RT Attachments 1A.fbx
  artifactKey: Guid(c15072207b82e7a4f8d4bfe79ccbbe67) Importer(815301076,1909f56bfc062723c751e8b465ee728b)
Start importing Assets/Medieval Mega Pack/MMP 1/FBX/Castle Wall RT Attachments 1A.fbx using Guid(c15072207b82e7a4f8d4bfe79ccbbe67) Importer(815301076,1909f56bfc062723c751e8b465ee728b)  -> (artifact id: 'e7137237178a23eea8d1a6b98f85388a') in 1.702810 seconds 
  Import took 1.716799 seconds .

========================================================================
Received Import Request.
  Time since last request: 0.000506 seconds.
  path: Assets/Medieval Mega Pack/MMP 1/FBX/Castle Gatehouses 2A.fbx
  artifactKey: Guid(8d88d5742f2b3d04f8085103281e29e7) Importer(815301076,1909f56bfc062723c751e8b465ee728b)
Start importing Assets/Medieval Mega Pack/MMP 1/FBX/Castle Gatehouses 2A.fbx using Guid(8d88d5742f2b3d04f8085103281e29e7) Importer(815301076,1909f56bfc062723c751e8b465ee728b)  -> (artifact id: '386f431c97c9c478aa5f839b574d3bd0') in 0.429759 seconds 
  Import took 0.446555 seconds .

========================================================================
Received Import Request.
  Time since last request: 0.000615 seconds.
  path: Assets/Medieval Mega Pack/MMP 1/Prefabs/Castles/Towers/Square Towers/Square Tower 1C (Basic).prefab
  artifactKey: Guid(ebfd4871c11773049a46bf65ae6540fc) Importer(815301076,1909f56bfc062723c751e8b465ee728b)
Start importing Assets/Medieval Mega Pack/MMP 1/Prefabs/Castles/Towers/Square Towers/Square Tower 1C (Basic).prefab using Guid(ebfd4871c11773049a46bf65ae6540fc) Importer(815301076,1909f56bfc062723c751e8b465ee728b)  -> (artifact id: '86d715d60870870908a623e24c9d3bd3') in 0.168394 seconds 
  Import took 0.186802 seconds .

========================================================================
Received Import Request.
  Time since last request: 0.000482 seconds.
  path: Assets/Medieval Mega Pack/MMP 1/Prefabs/Castles/Towers/Square Towers/Square Tower 1A3 (Basic).prefab
  artifactKey: Guid(6344ef59e99f4be46b2a0363156925db) Importer(815301076,1909f56bfc062723c751e8b465ee728b)
Start importing Assets/Medieval Mega Pack/MMP 1/Prefabs/Castles/Towers/Square Towers/Square Tower 1A3 (Basic).prefab using Guid(6344ef59e99f4be46b2a0363156925db) Importer(815301076,1909f56bfc062723c751e8b465ee728b)  -> (artifact id: '8fcf4df60525c848364e658b9c46378d') in 0.139492 seconds 
  Import took 0.159173 seconds .

========================================================================
Received Import Request.
  Time since last request: 0.000493 seconds.
  path: Assets/Medieval Mega Pack/MMP 1/Prefabs/Castles/Towers/Round Towers/RT Construction 2A_LOD_0.prefab
  artifactKey: Guid(ab92841c15c9c8441be1afd6d8621adc) Importer(815301076,1909f56bfc062723c751e8b465ee728b)
Start importing Assets/Medieval Mega Pack/MMP 1/Prefabs/Castles/Towers/Round Towers/RT Construction 2A_LOD_0.prefab using Guid(ab92841c15c9c8441be1afd6d8621adc) Importer(815301076,1909f56bfc062723c751e8b465ee728b)  -> (artifact id: '85be4af4e7b4d7f3494e7c431821249a') in 0.088074 seconds 
  Import took 0.102190 seconds .

========================================================================
Received Import Request.
  Time since last request: 0.000403 seconds.
  path: Assets/Medieval Mega Pack/MMP 1/Prefabs/Castles/Towers/Square Towers/Square Tower 1A.prefab
  artifactKey: Guid(06d4c93d74522b441bdeb066900fb4e9) Importer(815301076,1909f56bfc062723c751e8b465ee728b)
Start importing Assets/Medieval Mega Pack/MMP 1/Prefabs/Castles/Towers/Square Towers/Square Tower 1A.prefab using Guid(06d4c93d74522b441bdeb066900fb4e9) Importer(815301076,1909f56bfc062723c751e8b465ee728b)  -> (artifact id: '2cc17bbaf2c14fe660c0bfcae836ab4c') in 0.124577 seconds 
  Import took 0.143284 seconds .

========================================================================
Received Import Request.
  Time since last request: 0.000597 seconds.
  path: Assets/Medieval Mega Pack/MMP 1/Prefabs/Castles/Towers/Round Towers/RT Top Construction 1A2.prefab
  artifactKey: Guid(7188e8d9e745dd94ba845887ed8cdfad) Importer(815301076,1909f56bfc062723c751e8b465ee728b)
Start importing Assets/Medieval Mega Pack/MMP 1/Prefabs/Castles/Towers/Round Towers/RT Top Construction 1A2.prefab using Guid(7188e8d9e745dd94ba845887ed8cdfad) Importer(815301076,1909f56bfc062723c751e8b465ee728b)  -> (artifact id: '0e82cc1edf0d3e9db75b3d3253b6119a') in 0.938110 seconds 
  Import took 0.952407 seconds .

========================================================================
Received Import Request.
  Time since last request: 0.000535 seconds.
  path: Assets/Medieval Mega Pack/MMP 1/Prefabs/Castles/Towers/Round Towers/RT Construction 1A_LOD_0.prefab
  artifactKey: Guid(5e9d982a4e79e4947891bb3b1e8d8d13) Importer(815301076,1909f56bfc062723c751e8b465ee728b)
Start importing Assets/Medieval Mega Pack/MMP 1/Prefabs/Castles/Towers/Round Towers/RT Construction 1A_LOD_0.prefab using Guid(5e9d982a4e79e4947891bb3b1e8d8d13) Importer(815301076,1909f56bfc062723c751e8b465ee728b)  -> (artifact id: 'df74d18a7b696531ee804071c075a288') in 0.073644 seconds 
  Import took 0.083120 seconds .

========================================================================
Received Import Request.
  Time since last request: 0.000402 seconds.
  path: Assets/Medieval Mega Pack/MMP 1/Prefabs/Castles/Towers/Round Towers/Wall Attachment Crennelations 1.prefab
  artifactKey: Guid(dc1c5f6971aadb94684f01c221fbbeb3) Importer(815301076,1909f56bfc062723c751e8b465ee728b)
Start importing Assets/Medieval Mega Pack/MMP 1/Prefabs/Castles/Towers/Round Towers/Wall Attachment Crennelations 1.prefab using Guid(dc1c5f6971aadb94684f01c221fbbeb3) Importer(815301076,1909f56bfc062723c751e8b465ee728b)  -> (artifact id: '497be62cd03abaafe8c557839cf16fa8') in 0.164510 seconds 
  Import took 0.183619 seconds .

========================================================================
Received Import Request.
  Time since last request: 0.000460 seconds.
  path: Assets/Medieval Mega Pack/MMP 1/FBX/Barrel 4C2.fbx
  artifactKey: Guid(0ebbac71e38be304e8b77b6bd941ea7b) Importer(815301076,1909f56bfc062723c751e8b465ee728b)
Start importing Assets/Medieval Mega Pack/MMP 1/FBX/Barrel 4C2.fbx using Guid(0ebbac71e38be304e8b77b6bd941ea7b) Importer(815301076,1909f56bfc062723c751e8b465ee728b)  -> (artifact id: '492ecfa5f6f92d1eb8c67e3fbc3f029a') in 0.524285 seconds 
  Import took 0.538651 seconds .

========================================================================
Received Import Request.
  Time since last request: 0.000501 seconds.
  path: Assets/Medieval Mega Pack/MMP 1/Prefabs/Castles/Ruins/Gatehouses/Castle Gatehouse 1B.prefab
  artifactKey: Guid(86a98be973ccb5a4088fea8b6fea10a4) Importer(815301076,1909f56bfc062723c751e8b465ee728b)
Start importing Assets/Medieval Mega Pack/MMP 1/Prefabs/Castles/Ruins/Gatehouses/Castle Gatehouse 1B.prefab using Guid(86a98be973ccb5a4088fea8b6fea10a4) Importer(815301076,1909f56bfc062723c751e8b465ee728b)  -> (artifact id: '7a3dd87d13ac4127a4fd660b9d34bf1c') in 0.152788 seconds 
  Import took 0.164868 seconds .

========================================================================
Received Import Request.
  Time since last request: 0.000438 seconds.
  path: Assets/Medieval Mega Pack/MMP 1/Prefabs/Castles/Towers/Square Towers/Square Tower 1C (Small).prefab
  artifactKey: Guid(583281830be80d540a8c9da79611b020) Importer(815301076,1909f56bfc062723c751e8b465ee728b)
Start importing Assets/Medieval Mega Pack/MMP 1/Prefabs/Castles/Towers/Square Towers/Square Tower 1C (Small).prefab using Guid(583281830be80d540a8c9da79611b020) Importer(815301076,1909f56bfc062723c751e8b465ee728b)  -> (artifact id: 'd857f1c22303fda110e7667e5c42081b') in 0.148528 seconds 
  Import took 0.164772 seconds .

========================================================================
Received Import Request.
  Time since last request: 0.000525 seconds.
  path: Assets/Medieval Mega Pack/MMP 1/Prefabs/Castles/Towers/Square Towers/Square Tower 1C (Small) (Basic).prefab
  artifactKey: Guid(b4ee5452af163294b96d0a9ffae48bbe) Importer(815301076,1909f56bfc062723c751e8b465ee728b)
Start importing Assets/Medieval Mega Pack/MMP 1/Prefabs/Castles/Towers/Square Towers/Square Tower 1C (Small) (Basic).prefab using Guid(b4ee5452af163294b96d0a9ffae48bbe) Importer(815301076,1909f56bfc062723c751e8b465ee728b)  -> (artifact id: '97484986a88a913a04956bf97ab63e13') in 0.141764 seconds 
  Import took 0.158645 seconds .

========================================================================
Received Import Request.
  Time since last request: 0.000456 seconds.
  path: Assets/Medieval Mega Pack/MMP 1/Prefabs/Castles/Towers/Round Towers/Round Tower 3 1.prefab
  artifactKey: Guid(cfa660e858da5d446a73a7c469790de3) Importer(815301076,1909f56bfc062723c751e8b465ee728b)
Start importing Assets/Medieval Mega Pack/MMP 1/Prefabs/Castles/Towers/Round Towers/Round Tower 3 1.prefab using Guid(cfa660e858da5d446a73a7c469790de3) Importer(815301076,1909f56bfc062723c751e8b465ee728b)  -> (artifact id: '84e76dd73964c5cb92767f9446278593') in 1.140851 seconds 
  Import took 1.157547 seconds .

========================================================================
Received Import Request.
  Time since last request: 0.000875 seconds.
  path: Assets/Medieval Mega Pack/MMP 1/FBX/Barrels and Crates B.fbx
  artifactKey: Guid(90c823ce553df5a48b5000cd7940202a) Importer(815301076,1909f56bfc062723c751e8b465ee728b)
Start importing Assets/Medieval Mega Pack/MMP 1/FBX/Barrels and Crates B.fbx using Guid(90c823ce553df5a48b5000cd7940202a) Importer(815301076,1909f56bfc062723c751e8b465ee728b)  -> (artifact id: '917abf7d013645e9c710a871eceec9c9') in 0.227563 seconds 
  Import took 0.238982 seconds .

========================================================================
Received Import Request.
  Time since last request: 0.000470 seconds.
  path: Assets/Medieval Mega Pack/MMP 1/Prefabs/Castles/Towers/Round Towers/RT Construction 5 Pillars.prefab
  artifactKey: Guid(5e4a280dfaa04374f831a07ca5143015) Importer(815301076,1909f56bfc062723c751e8b465ee728b)
Start importing Assets/Medieval Mega Pack/MMP 1/Prefabs/Castles/Towers/Round Towers/RT Construction 5 Pillars.prefab using Guid(5e4a280dfaa04374f831a07ca5143015) Importer(815301076,1909f56bfc062723c751e8b465ee728b)  -> (artifact id: '8652830f54e489a492278d885c2db857') in 0.060894 seconds 
  Import took 0.070210 seconds .

========================================================================
Received Import Request.
  Time since last request: 0.000499 seconds.
  path: Assets/Medieval Mega Pack/MMP 1/FBX/Basic Wall 2 1.fbx
  artifactKey: Guid(1bc03cd1c6161ed4ab5287b6428f96e7) Importer(815301076,1909f56bfc062723c751e8b465ee728b)
Start importing Assets/Medieval Mega Pack/MMP 1/FBX/Basic Wall 2 1.fbx using Guid(1bc03cd1c6161ed4ab5287b6428f96e7) Importer(815301076,1909f56bfc062723c751e8b465ee728b)  -> (artifact id: '1e56362d35d6d15dff02d34f684bcfa0') in 0.142900 seconds 
  Import took 0.155744 seconds .

========================================================================
Received Import Request.
  Time since last request: 0.000516 seconds.
  path: Assets/Medieval Mega Pack/MMP 1/FBX/Barrels and Crates A.fbx
  artifactKey: Guid(e84b39314c9d8df4fa2c658dfe1cd24d) Importer(815301076,1909f56bfc062723c751e8b465ee728b)
Start importing Assets/Medieval Mega Pack/MMP 1/FBX/Barrels and Crates A.fbx using Guid(e84b39314c9d8df4fa2c658dfe1cd24d) Importer(815301076,1909f56bfc062723c751e8b465ee728b)  -> (artifact id: 'e3a980098095715728312016552c923a') in 1.255856 seconds 
  Import took 1.267500 seconds .

========================================================================
Received Import Request.
  Time since last request: 0.000419 seconds.
  path: Assets/Medieval Mega Pack/MMP 1/FBX/Blacksmith's Anvil 2.fbx
  artifactKey: Guid(009d0856e393c2c458c246ac9eba0a98) Importer(815301076,1909f56bfc062723c751e8b465ee728b)
Start importing Assets/Medieval Mega Pack/MMP 1/FBX/Blacksmith's Anvil 2.fbx using Guid(009d0856e393c2c458c246ac9eba0a98) Importer(815301076,1909f56bfc062723c751e8b465ee728b)  -> (artifact id: 'd9bed115fe789beb09d81efa7eab822b') in 2.604907 seconds 
  Import took 2.614314 seconds .

========================================================================
Received Import Request.
  Time since last request: 0.000405 seconds.
  path: Assets/Medieval Mega Pack/MMP 1/FBX/Chair 1.fbx
  artifactKey: Guid(f4a7bec99e9148149bbf37763c57c160) Importer(815301076,1909f56bfc062723c751e8b465ee728b)
Start importing Assets/Medieval Mega Pack/MMP 1/FBX/Chair 1.fbx using Guid(f4a7bec99e9148149bbf37763c57c160) Importer(815301076,1909f56bfc062723c751e8b465ee728b)  -> (artifact id: 'dfb7e6a3bfae2b800eef8a27ff69bd75') in 2.151937 seconds 
  Import took 2.163525 seconds .

========================================================================
Received Import Request.
  Time since last request: 0.000484 seconds.
  path: Assets/Medieval Mega Pack/MMP 1/Prefabs/Castles/Ruins/Gatehouses/Castle Gatehouse 1A.prefab
  artifactKey: Guid(96f6d683641667347b02c815818b8ca3) Importer(815301076,1909f56bfc062723c751e8b465ee728b)
Start importing Assets/Medieval Mega Pack/MMP 1/Prefabs/Castles/Ruins/Gatehouses/Castle Gatehouse 1A.prefab using Guid(96f6d683641667347b02c815818b8ca3) Importer(815301076,1909f56bfc062723c751e8b465ee728b)  -> (artifact id: 'c80d10e00852f801970f3f0e72147285') in 0.086761 seconds 
  Import took 0.100679 seconds .

========================================================================
Received Import Request.
  Time since last request: 0.000457 seconds.
  path: Assets/Medieval Mega Pack/MMP 1/Prefabs/Castles/Towers/Round Towers/Round Tower 3B.prefab
  artifactKey: Guid(6d28605d24e82d74692ae3b5bf685638) Importer(815301076,1909f56bfc062723c751e8b465ee728b)
Start importing Assets/Medieval Mega Pack/MMP 1/Prefabs/Castles/Towers/Round Towers/Round Tower 3B.prefab using Guid(6d28605d24e82d74692ae3b5bf685638) Importer(815301076,1909f56bfc062723c751e8b465ee728b)  -> (artifact id: 'faa0234b8e68e338165ef2b3090d6c59') in 1.203474 seconds 
  Import took 1.225892 seconds .

========================================================================
Received Import Request.
  Time since last request: 0.000788 seconds.
  path: Assets/Medieval Mega Pack/MMP 1/Prefabs/Castles/Towers/Square Towers/Square Tower 1A (Small).prefab
  artifactKey: Guid(b7f105596eb636c4cb8db0d7130c3c8d) Importer(815301076,1909f56bfc062723c751e8b465ee728b)
Start importing Assets/Medieval Mega Pack/MMP 1/Prefabs/Castles/Towers/Square Towers/Square Tower 1A (Small).prefab using Guid(b7f105596eb636c4cb8db0d7130c3c8d) Importer(815301076,1909f56bfc062723c751e8b465ee728b)  -> (artifact id: '40db73c084c769334bac4fb30b0f3bc9') in 0.164384 seconds 
  Import took 0.183192 seconds .

========================================================================
Received Import Request.
  Time since last request: 0.000503 seconds.
  path: Assets/Medieval Mega Pack/MMP 1/Prefabs/Castles/Towers/Round Towers/RT Construction 4A_LOD_0.prefab
  artifactKey: Guid(0a9a95d063282974fa29c37e4ff09b52) Importer(815301076,1909f56bfc062723c751e8b465ee728b)
Start importing Assets/Medieval Mega Pack/MMP 1/Prefabs/Castles/Towers/Round Towers/RT Construction 4A_LOD_0.prefab using Guid(0a9a95d063282974fa29c37e4ff09b52) Importer(815301076,1909f56bfc062723c751e8b465ee728b)  -> (artifact id: 'd6c7303748d7ccc8b1aac6bf5ac0747b') in 0.104671 seconds 
  Import took 0.121819 seconds .

========================================================================
Received Import Request.
  Time since last request: 0.000496 seconds.
  path: Assets/Medieval Mega Pack/MMP 1/Prefabs/Castles/Towers/Square Towers/Square Tower 1A2.prefab
  artifactKey: Guid(0824afc232b78d74ba4319a1684e0e52) Importer(815301076,1909f56bfc062723c751e8b465ee728b)
Start importing Assets/Medieval Mega Pack/MMP 1/Prefabs/Castles/Towers/Square Towers/Square Tower 1A2.prefab using Guid(0824afc232b78d74ba4319a1684e0e52) Importer(815301076,1909f56bfc062723c751e8b465ee728b)  -> (artifact id: 'df260133fdf1bf3296ef055969e8e8b4') in 0.436708 seconds 
  Import took 0.454609 seconds .

========================================================================
Received Import Request.
  Time since last request: 0.000593 seconds.
  path: Assets/Medieval Mega Pack/MMP 1/FBX/Castle Wall End Cap 1B 2.fbx
  artifactKey: Guid(970d25b1cdc4f4041baefd78cdf8e9ac) Importer(815301076,1909f56bfc062723c751e8b465ee728b)
Start importing Assets/Medieval Mega Pack/MMP 1/FBX/Castle Wall End Cap 1B 2.fbx using Guid(970d25b1cdc4f4041baefd78cdf8e9ac) Importer(815301076,1909f56bfc062723c751e8b465ee728b)  -> (artifact id: '09623a51a45af7b2d9b7ef6a6e8d4e6a') in 0.997733 seconds 
  Import took 1.011355 seconds .

========================================================================
Received Import Request.
  Time since last request: 0.000472 seconds.
  path: Assets/Medieval Mega Pack/MMP 1/FBX/Books 1.fbx
  artifactKey: Guid(260766e01bab5d1488320bd2b7707537) Importer(815301076,1909f56bfc062723c751e8b465ee728b)
Start importing Assets/Medieval Mega Pack/MMP 1/FBX/Books 1.fbx using Guid(260766e01bab5d1488320bd2b7707537) Importer(815301076,1909f56bfc062723c751e8b465ee728b)  -> (artifact id: 'df325f5bfaa6930ed086955b627b6768') in 1.889006 seconds 
  Import took 1.903453 seconds .

========================================================================
Received Import Request.
  Time since last request: 0.000488 seconds.
  path: Assets/Medieval Mega Pack/MMP 1/Prefabs/Castles/Towers/Square Towers/Square Tower 2A (Small).prefab
  artifactKey: Guid(73ae0508808d714459e2aa5d36813e20) Importer(815301076,1909f56bfc062723c751e8b465ee728b)
Start importing Assets/Medieval Mega Pack/MMP 1/Prefabs/Castles/Towers/Square Towers/Square Tower 2A (Small).prefab using Guid(73ae0508808d714459e2aa5d36813e20) Importer(815301076,1909f56bfc062723c751e8b465ee728b)  -> (artifact id: '4954f26331a72c7bc8286986af1ccbb7') in 0.150857 seconds 
  Import took 0.170968 seconds .

========================================================================
Received Import Request.
  Time since last request: 0.000561 seconds.
  path: Assets/Medieval Mega Pack/MMP 1/Prefabs/Castles/Towers/Round Towers/RT Top Construction 1A.prefab
  artifactKey: Guid(4b8c8a1619b079f429f87e1564231c05) Importer(815301076,1909f56bfc062723c751e8b465ee728b)
Start importing Assets/Medieval Mega Pack/MMP 1/Prefabs/Castles/Towers/Round Towers/RT Top Construction 1A.prefab using Guid(4b8c8a1619b079f429f87e1564231c05) Importer(815301076,1909f56bfc062723c751e8b465ee728b)  -> (artifact id: '75bb0b21695013cced3fadb187587876') in 0.173909 seconds 
  Import took 0.195740 seconds .

========================================================================
Received Import Request.
  Time since last request: 0.000635 seconds.
  path: Assets/Medieval Mega Pack/MMP 1/Prefabs/Castles/Towers/Square Towers/Square Tower 2A.prefab
  artifactKey: Guid(a1b427fe3d650aa4592cf08c4f455714) Importer(815301076,1909f56bfc062723c751e8b465ee728b)
Start importing Assets/Medieval Mega Pack/MMP 1/Prefabs/Castles/Towers/Square Towers/Square Tower 2A.prefab using Guid(a1b427fe3d650aa4592cf08c4f455714) Importer(815301076,1909f56bfc062723c751e8b465ee728b)  -> (artifact id: '9cff5671f769cf71a99889c935c87aa7') in 0.161773 seconds 
  Import took 0.182247 seconds .

========================================================================
Received Import Request.
  Time since last request: 0.000480 seconds.
  path: Assets/Medieval Mega Pack/MMP 1/Prefabs/Castles/Towers/Round Towers/Round Tower 3 (Basic).prefab
  artifactKey: Guid(6d69d7c4bdb94044aa9124b477ebbbc9) Importer(815301076,1909f56bfc062723c751e8b465ee728b)
Start importing Assets/Medieval Mega Pack/MMP 1/Prefabs/Castles/Towers/Round Towers/Round Tower 3 (Basic).prefab using Guid(6d69d7c4bdb94044aa9124b477ebbbc9) Importer(815301076,1909f56bfc062723c751e8b465ee728b)  -> (artifact id: 'c2c5af8d7e894b5222ceffcfba63e458') in 0.139601 seconds 
  Import took 0.159933 seconds .

========================================================================
Received Import Request.
  Time since last request: 0.000527 seconds.
  path: Assets/Medieval Mega Pack/MMP 1/FBX/Castle Square Towers 1B.fbx
  artifactKey: Guid(3731bcecfc41b2b49a502e823f5fa684) Importer(815301076,1909f56bfc062723c751e8b465ee728b)
Start importing Assets/Medieval Mega Pack/MMP 1/FBX/Castle Square Towers 1B.fbx using Guid(3731bcecfc41b2b49a502e823f5fa684) Importer(815301076,1909f56bfc062723c751e8b465ee728b)  -> (artifact id: '66eeecc35b67b81052b84480c31aa906') in 0.353230 seconds 
  Import took 0.364813 seconds .

========================================================================
Received Import Request.
  Time since last request: 0.000532 seconds.
  path: Assets/Medieval Mega Pack/MMP 1/FBX/Castle Stairs 1.fbx
  artifactKey: Guid(b9460ad76f8c17342b90c698384e7d9a) Importer(815301076,1909f56bfc062723c751e8b465ee728b)
Start importing Assets/Medieval Mega Pack/MMP 1/FBX/Castle Stairs 1.fbx using Guid(b9460ad76f8c17342b90c698384e7d9a) Importer(815301076,1909f56bfc062723c751e8b465ee728b)  -> (artifact id: 'a795b4e5a5f012a4b020ce7c962c410f') in 0.461459 seconds 
  Import took 0.472901 seconds .

========================================================================
Received Import Request.
  Time since last request: 0.000466 seconds.
  path: Assets/Medieval Mega Pack/MMP 1/Prefabs/Castles/Towers/Round Towers/RT Roof Construction 1A_LOD_0.prefab
  artifactKey: Guid(c733ede1eb3b4104d88c66bbfac6e127) Importer(815301076,1909f56bfc062723c751e8b465ee728b)
Start importing Assets/Medieval Mega Pack/MMP 1/Prefabs/Castles/Towers/Round Towers/RT Roof Construction 1A_LOD_0.prefab using Guid(c733ede1eb3b4104d88c66bbfac6e127) Importer(815301076,1909f56bfc062723c751e8b465ee728b)  -> (artifact id: '8cefeea41c04ee8b979f2ac383a691b2') in 0.185518 seconds 
  Import took 0.209813 seconds .

========================================================================
Received Import Request.
  Time since last request: 0.000495 seconds.
  path: Assets/Medieval Mega Pack/MMP 1/Prefabs/Castles/Ruins/Gatehouses/Castle Gatehouse 2A.prefab
  artifactKey: Guid(798391935d0b7e64581a76d2f43b4cf1) Importer(815301076,1909f56bfc062723c751e8b465ee728b)
Start importing Assets/Medieval Mega Pack/MMP 1/Prefabs/Castles/Ruins/Gatehouses/Castle Gatehouse 2A.prefab using Guid(798391935d0b7e64581a76d2f43b4cf1) Importer(815301076,1909f56bfc062723c751e8b465ee728b)  -> (artifact id: '1c8f3aa8c0d2ad844cac75c31cdd0190') in 0.088065 seconds 
  Import took 0.101673 seconds .

========================================================================
Received Import Request.
  Time since last request: 0.000552 seconds.
  path: Assets/Medieval Mega Pack/MMP 1/Prefabs/Castles/Towers/Round Towers/RT Construction 3 Pillars.prefab
  artifactKey: Guid(6a1d701f1eb4a6b4bbc7d4456db3c9cc) Importer(815301076,1909f56bfc062723c751e8b465ee728b)
Start importing Assets/Medieval Mega Pack/MMP 1/Prefabs/Castles/Towers/Round Towers/RT Construction 3 Pillars.prefab using Guid(6a1d701f1eb4a6b4bbc7d4456db3c9cc) Importer(815301076,1909f56bfc062723c751e8b465ee728b)  -> (artifact id: 'f06f1c95387a1b6d53c8cb2a43e8d791') in 0.065533 seconds 
  Import took 0.077866 seconds .

========================================================================
Received Import Request.
  Time since last request: 0.000459 seconds.
  path: Assets/Medieval Mega Pack/MMP 1/FBX/Bellows Stand 1.fbx
  artifactKey: Guid(3fba1589720a4c2409afa21ffe504047) Importer(815301076,1909f56bfc062723c751e8b465ee728b)
Start importing Assets/Medieval Mega Pack/MMP 1/FBX/Bellows Stand 1.fbx using Guid(3fba1589720a4c2409afa21ffe504047) Importer(815301076,1909f56bfc062723c751e8b465ee728b)  -> (artifact id: '6763f0494bb18cca3542d9d8b5da2c78') in 0.244988 seconds 
  Import took 0.256805 seconds .

========================================================================
Received Import Request.
  Time since last request: 0.000485 seconds.
  path: Assets/Medieval Mega Pack/MMP 1/FBX/Carpets 1.fbx
  artifactKey: Guid(20c0f216c0534d649a29e64a67e37175) Importer(815301076,1909f56bfc062723c751e8b465ee728b)
Start importing Assets/Medieval Mega Pack/MMP 1/FBX/Carpets 1.fbx using Guid(20c0f216c0534d649a29e64a67e37175) Importer(815301076,1909f56bfc062723c751e8b465ee728b)  -> (artifact id: 'c17bf126af5020885b3014a0edc2ca55') in 2.064126 seconds 
  Import took 2.073782 seconds .

========================================================================
Received Import Request.
  Time since last request: 0.000526 seconds.
  path: Assets/Medieval Mega Pack/MMP 1/Prefabs/Castles/Towers/Square Towers/Square Tower 1B.prefab
  artifactKey: Guid(320f7de44778c984189b6edecfd00e56) Importer(815301076,1909f56bfc062723c751e8b465ee728b)
Start importing Assets/Medieval Mega Pack/MMP 1/Prefabs/Castles/Towers/Square Towers/Square Tower 1B.prefab using Guid(320f7de44778c984189b6edecfd00e56) Importer(815301076,1909f56bfc062723c751e8b465ee728b)  -> (artifact id: 'bcbf568b778b7fd92b349eac3d73fc15') in 0.140739 seconds 
  Import took 0.161582 seconds .

========================================================================
Received Import Request.
  Time since last request: 0.000949 seconds.
  path: Assets/Medieval Mega Pack/MMP 1/Prefabs/Castles/Towers/Round Towers/RT Construction 4 Pillars.prefab
  artifactKey: Guid(4c4c34fcf5287864e8a953c3831bcfb7) Importer(815301076,1909f56bfc062723c751e8b465ee728b)
Start importing Assets/Medieval Mega Pack/MMP 1/Prefabs/Castles/Towers/Round Towers/RT Construction 4 Pillars.prefab using Guid(4c4c34fcf5287864e8a953c3831bcfb7) Importer(815301076,1909f56bfc062723c751e8b465ee728b)  -> (artifact id: 'e52c730ff1e69c68ef9f5e523b914c16') in 0.073108 seconds 
  Import took 0.086097 seconds .

========================================================================
Received Import Request.
  Time since last request: 0.000525 seconds.
  path: Assets/Medieval Mega Pack/MMP 1/FBX/Castle Walls Detailed 1A.fbx
  artifactKey: Guid(cd04a350a25df0d42809804dec9ca988) Importer(815301076,1909f56bfc062723c751e8b465ee728b)
Start importing Assets/Medieval Mega Pack/MMP 1/FBX/Castle Walls Detailed 1A.fbx using Guid(cd04a350a25df0d42809804dec9ca988) Importer(815301076,1909f56bfc062723c751e8b465ee728b)  -> (artifact id: '8c5bf6d21d2aa2478599ca5f132b3a12') in 1.375428 seconds 
  Import took 1.388621 seconds .

========================================================================
Received Import Request.
  Time since last request: 0.000532 seconds.
  path: Assets/Medieval Mega Pack/MMP 1/Prefabs/Castles/Towers/Square Towers/Square Tower 2B (Small).prefab
  artifactKey: Guid(506310e110151964e804be19072335de) Importer(815301076,1909f56bfc062723c751e8b465ee728b)
Start importing Assets/Medieval Mega Pack/MMP 1/Prefabs/Castles/Towers/Square Towers/Square Tower 2B (Small).prefab using Guid(506310e110151964e804be19072335de) Importer(815301076,1909f56bfc062723c751e8b465ee728b)  -> (artifact id: 'c512acf40e1a27dc0a1e45ef2c7a527d') in 0.147156 seconds 
  Import took 0.168017 seconds .

========================================================================
Received Import Request.
  Time since last request: 0.000520 seconds.
  path: Assets/Medieval Mega Pack/MMP 1/FBX/Boardwalk Platforms 1.fbx
  artifactKey: Guid(30bf174d25452fd4c9816b98ae98f511) Importer(815301076,1909f56bfc062723c751e8b465ee728b)
Start importing Assets/Medieval Mega Pack/MMP 1/FBX/Boardwalk Platforms 1.fbx using Guid(30bf174d25452fd4c9816b98ae98f511) Importer(815301076,1909f56bfc062723c751e8b465ee728b)  -> (artifact id: '86b90bc157f9a2e258491d79dc77cf83') in 0.779509 seconds 
  Import took 0.792740 seconds .

========================================================================
Received Import Request.
  Time since last request: 0.000512 seconds.
  path: Assets/Samples/Terrain Tools/0.1.0-preview/Terrain Assets/TerrainBrushes/terrainstamp_erode02.brush
  artifactKey: Guid(b4f1a8962849d1e418cbb0637143dc00) Importer(815301076,1909f56bfc062723c751e8b465ee728b)
Start importing Assets/Samples/Terrain Tools/0.1.0-preview/Terrain Assets/TerrainBrushes/terrainstamp_erode02.brush using Guid(b4f1a8962849d1e418cbb0637143dc00) Importer(815301076,1909f56bfc062723c751e8b465ee728b)  -> (artifact id: '5bcd16560ee146c1f657de7a01575b5e') in 0.123356 seconds 
  Import took 0.134250 seconds .

========================================================================
Received Import Request.
  Time since last request: 0.000495 seconds.
  path: Assets/Medieval Mega Pack/MMP 1/Prefabs/Castles/Towers/Round Towers/Double Towers 1.prefab
  artifactKey: Guid(cc7d456827daeb548a0149b033a3d639) Importer(815301076,1909f56bfc062723c751e8b465ee728b)
Start importing Assets/Medieval Mega Pack/MMP 1/Prefabs/Castles/Towers/Round Towers/Double Towers 1.prefab using Guid(cc7d456827daeb548a0149b033a3d639) Importer(815301076,1909f56bfc062723c751e8b465ee728b)  -> (artifact id: '86d8344cb64f2ee501b217972650bcbb') in 0.244297 seconds 
  Import took 0.268455 seconds .

========================================================================
Received Import Request.
  Time since last request: 0.000514 seconds.
  path: Assets/Medieval Mega Pack/MMP 1/FBX/Barrel 4A Open2.fbx
  artifactKey: Guid(e19a84821952f6546bbddae35395bcf6) Importer(815301076,1909f56bfc062723c751e8b465ee728b)
Start importing Assets/Medieval Mega Pack/MMP 1/FBX/Barrel 4A Open2.fbx using Guid(e19a84821952f6546bbddae35395bcf6) Importer(815301076,1909f56bfc062723c751e8b465ee728b)  -> (artifact id: '7e7f768cda196a8931b08cf155c3a241') in 0.314503 seconds 
  Import took 0.326119 seconds .

========================================================================
Received Import Request.
  Time since last request: 0.000773 seconds.
  path: Assets/Medieval Mega Pack/MMP 1/FBX/Castle Arch Walls 1B.fbx
  artifactKey: Guid(939a92d79129bdc4f908e8ce8869e872) Importer(815301076,1909f56bfc062723c751e8b465ee728b)
Start importing Assets/Medieval Mega Pack/MMP 1/FBX/Castle Arch Walls 1B.fbx using Guid(939a92d79129bdc4f908e8ce8869e872) Importer(815301076,1909f56bfc062723c751e8b465ee728b)  -> (artifact id: 'a24bcf6139a87eeb7e96f419d7f6e7d9') in 0.728272 seconds 
  Import took 0.739844 seconds .

========================================================================
Received Import Request.
  Time since last request: 0.000545 seconds.
  path: Assets/Medieval Mega Pack/MMP 1/FBX/Castle Stairs Group 1A.fbx
  artifactKey: Guid(b9e571da5491d8d42bcf5bc1dbd6df91) Importer(815301076,1909f56bfc062723c751e8b465ee728b)
Start importing Assets/Medieval Mega Pack/MMP 1/FBX/Castle Stairs Group 1A.fbx using Guid(b9e571da5491d8d42bcf5bc1dbd6df91) Importer(815301076,1909f56bfc062723c751e8b465ee728b)  -> (artifact id: '2c2130a9db60c7394030277380573c1e') in 0.458191 seconds 
  Import took 0.471017 seconds .

========================================================================
Received Import Request.
  Time since last request: 0.000523 seconds.
  path: Assets/Medieval Mega Pack/MMP 1/FBX/Blacksmith's Supply 1B.fbx
  artifactKey: Guid(055d6d1da683cfb408f876009ed9d0f0) Importer(815301076,1909f56bfc062723c751e8b465ee728b)
Start importing Assets/Medieval Mega Pack/MMP 1/FBX/Blacksmith's Supply 1B.fbx using Guid(055d6d1da683cfb408f876009ed9d0f0) Importer(815301076,1909f56bfc062723c751e8b465ee728b)  -> (artifact id: '0424833935102617be2e19ded22dd522') in 0.173855 seconds 
  Import took 0.185998 seconds .

========================================================================
Received Import Request.
  Time since last request: 0.000500 seconds.
  path: Assets/Medieval Mega Pack/MMP 1/FBX/Castle Arch Walls 1A.fbx
  artifactKey: Guid(f037447f57f275743932d8c061d47cc2) Importer(815301076,1909f56bfc062723c751e8b465ee728b)
Start importing Assets/Medieval Mega Pack/MMP 1/FBX/Castle Arch Walls 1A.fbx using Guid(f037447f57f275743932d8c061d47cc2) Importer(815301076,1909f56bfc062723c751e8b465ee728b)  -> (artifact id: '9272b0851ac467008d249167bf3d3c56') in 1.149242 seconds 
  Import took 1.162886 seconds .

========================================================================
Received Import Request.
  Time since last request: 0.000552 seconds.
  path: Assets/Medieval Mega Pack/MMP 1/Prefabs/Castles/Towers/Square Towers/Square Tower 1B (Small).prefab
  artifactKey: Guid(be3bcba3006e3864a97d9af050e513d5) Importer(815301076,1909f56bfc062723c751e8b465ee728b)
Start importing Assets/Medieval Mega Pack/MMP 1/Prefabs/Castles/Towers/Square Towers/Square Tower 1B (Small).prefab using Guid(be3bcba3006e3864a97d9af050e513d5) Importer(815301076,1909f56bfc062723c751e8b465ee728b)  -> (artifact id: '05f8cd9087b240566096573066f6a975') in 0.153162 seconds 
  Import took 0.171568 seconds .

========================================================================
Received Import Request.
  Time since last request: 0.000494 seconds.
  path: Assets/Medieval Mega Pack/MMP 1/FBX/Chest Basic 1.fbx
  artifactKey: Guid(a15edb0ab30602c4fb7cde73ddb8eb5a) Importer(815301076,1909f56bfc062723c751e8b465ee728b)
Start importing Assets/Medieval Mega Pack/MMP 1/FBX/Chest Basic 1.fbx using Guid(a15edb0ab30602c4fb7cde73ddb8eb5a) Importer(815301076,1909f56bfc062723c751e8b465ee728b)  -> (artifact id: '40d5c81bf5224379e2c83b9e64877268') in 0.330754 seconds 
  Import took 0.343657 seconds .

========================================================================
Received Import Request.
  Time since last request: 0.000736 seconds.
  path: Assets/Medieval Mega Pack/MMP 1/Prefabs/Castles/Towers/Square Towers/Square Tower 1C.prefab
  artifactKey: Guid(1048b284578152d4795024e2e79437a9) Importer(815301076,1909f56bfc062723c751e8b465ee728b)
Start importing Assets/Medieval Mega Pack/MMP 1/Prefabs/Castles/Towers/Square Towers/Square Tower 1C.prefab using Guid(1048b284578152d4795024e2e79437a9) Importer(815301076,1909f56bfc062723c751e8b465ee728b)  -> (artifact id: 'c1daa08c812a3efa56151cdd29887a66') in 0.151650 seconds 
  Import took 0.170972 seconds .

========================================================================
Received Import Request.
  Time since last request: 0.000423 seconds.
  path: Assets/Medieval Mega Pack/MMP 1/FBX/Basic Floor 2 1.fbx
  artifactKey: Guid(25e219388899b8d40b172024d13fc26b) Importer(815301076,1909f56bfc062723c751e8b465ee728b)
Start importing Assets/Medieval Mega Pack/MMP 1/FBX/Basic Floor 2 1.fbx using Guid(25e219388899b8d40b172024d13fc26b) Importer(815301076,1909f56bfc062723c751e8b465ee728b)  -> (artifact id: '58b6ae5c16d154d26a3c28673a593ad6') in 0.469861 seconds 
  Import took 0.480266 seconds .

========================================================================
Received Import Request.
  Time since last request: 0.000476 seconds.
  path: Assets/Medieval Mega Pack/MMP 1/Prefabs/Castles/Towers/Round Towers/Round Tower 3 Extension B.prefab
  artifactKey: Guid(ed3da7b4144c68e4eb644a8bc65da521) Importer(815301076,1909f56bfc062723c751e8b465ee728b)
Start importing Assets/Medieval Mega Pack/MMP 1/Prefabs/Castles/Towers/Round Towers/Round Tower 3 Extension B.prefab using Guid(ed3da7b4144c68e4eb644a8bc65da521) Importer(815301076,1909f56bfc062723c751e8b465ee728b)  -> (artifact id: '6e8ae96126e23bb7d7c43e83c8ee0624') in 0.134215 seconds 
  Import took 0.146491 seconds .

========================================================================
Received Import Request.
  Time since last request: 0.000680 seconds.
  path: Assets/Medieval Mega Pack/MMP 1/Prefabs/Castles/Towers/Round Towers/RT Construction 3B_LOD_0.prefab
  artifactKey: Guid(1fd9f55b93c688248bf88e063ddb4654) Importer(815301076,1909f56bfc062723c751e8b465ee728b)
Start importing Assets/Medieval Mega Pack/MMP 1/Prefabs/Castles/Towers/Round Towers/RT Construction 3B_LOD_0.prefab using Guid(1fd9f55b93c688248bf88e063ddb4654) Importer(815301076,1909f56bfc062723c751e8b465ee728b)  -> (artifact id: '983b91c29347913a4dbf4a0c209969a3') in 0.153445 seconds 
  Import took 0.172472 seconds .

========================================================================
Received Import Request.
  Time since last request: 0.000461 seconds.
  path: Assets/Medieval Mega Pack/MMP 1/FBX/Barrel 4BC.fbx
  artifactKey: Guid(ae1f3001c22e1474ca0462c198bd0343) Importer(815301076,1909f56bfc062723c751e8b465ee728b)
Start importing Assets/Medieval Mega Pack/MMP 1/FBX/Barrel 4BC.fbx using Guid(ae1f3001c22e1474ca0462c198bd0343) Importer(815301076,1909f56bfc062723c751e8b465ee728b)  -> (artifact id: 'a4297fed2c69a40acc23eb7ff4224a74') in 0.246713 seconds 
  Import took 0.267310 seconds .

========================================================================
Received Import Request.
  Time since last request: 0.000538 seconds.
  path: Assets/Medieval Mega Pack/MMP 1/FBX/Blacksmith's Tools 1.fbx
  artifactKey: Guid(cdcd1361b40725545b1d0a7bd12d028a) Importer(815301076,1909f56bfc062723c751e8b465ee728b)
Start importing Assets/Medieval Mega Pack/MMP 1/FBX/Blacksmith's Tools 1.fbx using Guid(cdcd1361b40725545b1d0a7bd12d028a) Importer(815301076,1909f56bfc062723c751e8b465ee728b)  -> (artifact id: '742718d12a21ee7b70b974ba8c8d82d1') in 0.250964 seconds 
  Import took 0.260958 seconds .

========================================================================
Received Import Request.
  Time since last request: 0.000419 seconds.
  path: Assets/Medieval Mega Pack/MMP 1/Prefabs/Castles/Towers/Square Towers/Square Tower 2B.prefab
  artifactKey: Guid(33117aa748e5e9b439f75a0b0e7c661d) Importer(815301076,1909f56bfc062723c751e8b465ee728b)
Start importing Assets/Medieval Mega Pack/MMP 1/Prefabs/Castles/Towers/Square Towers/Square Tower 2B.prefab using Guid(33117aa748e5e9b439f75a0b0e7c661d) Importer(815301076,1909f56bfc062723c751e8b465ee728b)  -> (artifact id: '6206e8332f552bb4dee0b039f33e8bc7') in 0.164669 seconds 
  Import took 0.184093 seconds .

========================================================================
Received Import Request.
  Time since last request: 0.000519 seconds.
  path: Assets/Medieval Mega Pack/MMP 1/FBX/Ceiling Lanterns 1.fbx
  artifactKey: Guid(98637adebca8e2e4195b8c011f81e269) Importer(815301076,1909f56bfc062723c751e8b465ee728b)
Start importing Assets/Medieval Mega Pack/MMP 1/FBX/Ceiling Lanterns 1.fbx using Guid(98637adebca8e2e4195b8c011f81e269) Importer(815301076,1909f56bfc062723c751e8b465ee728b)  -> (artifact id: 'e5e6dcb3c2fb4db6502c955c1f181872') in 0.420065 seconds 
  Import took 0.429625 seconds .

========================================================================
Received Import Request.
  Time since last request: 0.000522 seconds.
  path: Assets/Medieval Mega Pack/MMP 1/FBX/Book Open 1.fbx
  artifactKey: Guid(e1bc0b3c035906741af818d88eec7675) Importer(815301076,1909f56bfc062723c751e8b465ee728b)
Start importing Assets/Medieval Mega Pack/MMP 1/FBX/Book Open 1.fbx using Guid(e1bc0b3c035906741af818d88eec7675) Importer(815301076,1909f56bfc062723c751e8b465ee728b)  -> (artifact id: '61d6ab1f1559068a93a5d01594082177') in 0.442546 seconds 
  Import took 0.453465 seconds .

========================================================================
Received Import Request.
  Time since last request: 0.000503 seconds.
  path: Assets/Medieval Mega Pack/MMP 1/FBX/Base Extensions 1A.fbx
  artifactKey: Guid(740b68158fdbc6d46b1ce1ff6981c42b) Importer(815301076,1909f56bfc062723c751e8b465ee728b)
Start importing Assets/Medieval Mega Pack/MMP 1/FBX/Base Extensions 1A.fbx using Guid(740b68158fdbc6d46b1ce1ff6981c42b) Importer(815301076,1909f56bfc062723c751e8b465ee728b)  -> (artifact id: '35e646395b36806d2a5df8c44e49ed6f') in 0.992063 seconds 
  Import took 1.005318 seconds .

========================================================================
Received Import Request.
  Time since last request: 0.000580 seconds.
  path: Assets/Medieval Mega Pack/MMP 1/Prefabs/Castles/Towers/Round Towers/Double RT Construction 5A_LOD_0 2.prefab
  artifactKey: Guid(154635e657a76184f9af3d1831b93250) Importer(815301076,1909f56bfc062723c751e8b465ee728b)
Start importing Assets/Medieval Mega Pack/MMP 1/Prefabs/Castles/Towers/Round Towers/Double RT Construction 5A_LOD_0 2.prefab using Guid(154635e657a76184f9af3d1831b93250) Importer(815301076,1909f56bfc062723c751e8b465ee728b)  -> (artifact id: 'e346d9d3775d29a2ae98a27804e37269') in 0.196527 seconds 
  Import took 0.219522 seconds .

========================================================================
Received Import Request.
  Time since last request: 0.000773 seconds.
  path: Assets/Medieval Mega Pack/MMP 1/Prefabs/Castles/Towers/Round Towers/Double RT Construction 2C_LOD_0.prefab
  artifactKey: Guid(ef640f2d8c6e25f49a0a6e39821c279d) Importer(815301076,1909f56bfc062723c751e8b465ee728b)
Start importing Assets/Medieval Mega Pack/MMP 1/Prefabs/Castles/Towers/Round Towers/Double RT Construction 2C_LOD_0.prefab using Guid(ef640f2d8c6e25f49a0a6e39821c279d) Importer(815301076,1909f56bfc062723c751e8b465ee728b)  -> (artifact id: '7a16a507d37efc6e1cda9054d06621d7') in 0.118217 seconds 
  Import took 0.136022 seconds .

========================================================================
Received Import Request.
  Time since last request: 0.000518 seconds.
  path: Assets/Medieval Mega Pack/MMP 1/FBX/Basic Rocks 1.fbx
  artifactKey: Guid(9aa57f7897c8dc54a920fa85520cafb5) Importer(815301076,1909f56bfc062723c751e8b465ee728b)
Start importing Assets/Medieval Mega Pack/MMP 1/FBX/Basic Rocks 1.fbx using Guid(9aa57f7897c8dc54a920fa85520cafb5) Importer(815301076,1909f56bfc062723c751e8b465ee728b)  -> (artifact id: '71e68758160d4f9a7155c01c5e183882') in 0.738487 seconds 
  Import took 0.747895 seconds .

========================================================================
Received Import Request.
  Time since last request: 0.000451 seconds.
  path: Assets/Medieval Mega Pack/MMP 1/Prefabs/Castles/Towers/Round Towers/Double RT Construction 2A_LOD_0.prefab
  artifactKey: Guid(bf20cbf04fb306d459fc3a3f2950f4d3) Importer(815301076,1909f56bfc062723c751e8b465ee728b)
Start importing Assets/Medieval Mega Pack/MMP 1/Prefabs/Castles/Towers/Round Towers/Double RT Construction 2A_LOD_0.prefab using Guid(bf20cbf04fb306d459fc3a3f2950f4d3) Importer(815301076,1909f56bfc062723c751e8b465ee728b)  -> (artifact id: '8c217cf95ef0a3eb56baf00704b3de62') in 0.117831 seconds 
  Import took 0.135248 seconds .

========================================================================
Received Import Request.
  Time since last request: 0.000556 seconds.
  path: Assets/Medieval Mega Pack/MMP 1/FBX/Castle Gatehouses 3A.fbx
  artifactKey: Guid(9402556adf22f244cb0f7359c277b13c) Importer(815301076,1909f56bfc062723c751e8b465ee728b)
Start importing Assets/Medieval Mega Pack/MMP 1/FBX/Castle Gatehouses 3A.fbx using Guid(9402556adf22f244cb0f7359c277b13c) Importer(815301076,1909f56bfc062723c751e8b465ee728b)  -> (artifact id: 'ff446ff5ae3e9d8a68102370517d403f') in 0.619493 seconds 
  Import took 0.631635 seconds .

========================================================================
Received Import Request.
  Time since last request: 0.000607 seconds.
  path: Assets/Medieval Mega Pack/MMP 1/Prefabs/Castles/Towers/Square Towers/Square Tower 1B (Basic).prefab
  artifactKey: Guid(e406100fb6d2f3b488dbbd2bf75bfc6b) Importer(815301076,1909f56bfc062723c751e8b465ee728b)
Start importing Assets/Medieval Mega Pack/MMP 1/Prefabs/Castles/Towers/Square Towers/Square Tower 1B (Basic).prefab using Guid(e406100fb6d2f3b488dbbd2bf75bfc6b) Importer(815301076,1909f56bfc062723c751e8b465ee728b)  -> (artifact id: '2a5fb78b330a1bb6bcf448168e5d4ff7') in 0.144636 seconds 
  Import took 0.164775 seconds .

========================================================================
Received Import Request.
  Time since last request: 0.000452 seconds.
  path: Assets/Medieval Mega Pack/MMP 1/Prefabs/Castles/Towers/Round Towers/RT Construction 4B_LOD_0.prefab
  artifactKey: Guid(4311699328d020c4eaba90a17f16a820) Importer(815301076,1909f56bfc062723c751e8b465ee728b)
Start importing Assets/Medieval Mega Pack/MMP 1/Prefabs/Castles/Towers/Round Towers/RT Construction 4B_LOD_0.prefab using Guid(4311699328d020c4eaba90a17f16a820) Importer(815301076,1909f56bfc062723c751e8b465ee728b)  -> (artifact id: 'c9d7b30bffb02e8b2d5c4248870f3e75') in 0.113794 seconds 
  Import took 0.131939 seconds .

========================================================================
Received Import Request.
  Time since last request: 0.000590 seconds.
  path: Assets/Medieval Mega Pack/MMP 1/Prefabs/Castles/Ruins/Gatehouses/Castle Gatehouse 3A.prefab
  artifactKey: Guid(de619a3603c742849aabeaf55862d3d0) Importer(815301076,1909f56bfc062723c751e8b465ee728b)
Start importing Assets/Medieval Mega Pack/MMP 1/Prefabs/Castles/Ruins/Gatehouses/Castle Gatehouse 3A.prefab using Guid(de619a3603c742849aabeaf55862d3d0) Importer(815301076,1909f56bfc062723c751e8b465ee728b)  -> (artifact id: 'b3204726f56c60a7598b0a55614db969') in 0.087846 seconds 
  Import took 0.101557 seconds .

========================================================================
Received Import Request.
  Time since last request: 0.000548 seconds.
  path: Assets/Medieval Mega Pack/MMP 1/Prefabs/Castles/Towers/Round Towers/Double RT Construction 3A_LOD_0.prefab
  artifactKey: Guid(43ca8d06e79e5c841977523b9a126cd1) Importer(815301076,1909f56bfc062723c751e8b465ee728b)
Start importing Assets/Medieval Mega Pack/MMP 1/Prefabs/Castles/Towers/Round Towers/Double RT Construction 3A_LOD_0.prefab using Guid(43ca8d06e79e5c841977523b9a126cd1) Importer(815301076,1909f56bfc062723c751e8b465ee728b)  -> (artifact id: '1151cae9069652289229865758f5cc76') in 0.106217 seconds 
  Import took 0.123832 seconds .

========================================================================
Received Import Request.
  Time since last request: 0.000440 seconds.
  path: Assets/Medieval Mega Pack/MMP 1/Prefabs/Castles/Towers/Round Towers/RT Construction 2C_LOD_0.prefab
  artifactKey: Guid(ba56eb85555218d44bfde5ecc1baedee) Importer(815301076,1909f56bfc062723c751e8b465ee728b)
Start importing Assets/Medieval Mega Pack/MMP 1/Prefabs/Castles/Towers/Round Towers/RT Construction 2C_LOD_0.prefab using Guid(ba56eb85555218d44bfde5ecc1baedee) Importer(815301076,1909f56bfc062723c751e8b465ee728b)  -> (artifact id: '9a397f4a268a85270af1820aad085112') in 0.492866 seconds 
  Import took 0.507757 seconds .

========================================================================
Received Import Request.
  Time since last request: 0.000471 seconds.
  path: Assets/Medieval Mega Pack/MMP 1/Prefabs/Castles/Ruins/Gatehouses/Castle Gatehouse 2B.prefab
  artifactKey: Guid(6e9f7c06f28f56246ae99710f5069289) Importer(815301076,1909f56bfc062723c751e8b465ee728b)
Start importing Assets/Medieval Mega Pack/MMP 1/Prefabs/Castles/Ruins/Gatehouses/Castle Gatehouse 2B.prefab using Guid(6e9f7c06f28f56246ae99710f5069289) Importer(815301076,1909f56bfc062723c751e8b465ee728b)  -> (artifact id: '7a93bbdbdbce6df003dc095b280c85ad') in 0.084113 seconds 
  Import took 0.097537 seconds .

========================================================================
Received Import Request.
  Time since last request: 0.000469 seconds.
  path: Assets/Medieval Mega Pack/MMP 1/Prefabs/Castles/Towers/Round Towers/RT Construction 1 Pillars.prefab
  artifactKey: Guid(c7b632a5fc74ef643b19ece5ca91f099) Importer(815301076,1909f56bfc062723c751e8b465ee728b)
Start importing Assets/Medieval Mega Pack/MMP 1/Prefabs/Castles/Towers/Round Towers/RT Construction 1 Pillars.prefab using Guid(c7b632a5fc74ef643b19ece5ca91f099) Importer(815301076,1909f56bfc062723c751e8b465ee728b)  -> (artifact id: 'd34750a442a702045e6859e01af69417') in 0.066061 seconds 
  Import took 0.079028 seconds .

========================================================================
Received Import Request.
  Time since last request: 0.000504 seconds.
  path: Assets/Medieval Mega Pack/MMP 1/FBX/Barrel Stacks 1.fbx
  artifactKey: Guid(35fe0ad320b23da45936c291932270d7) Importer(815301076,1909f56bfc062723c751e8b465ee728b)
Start importing Assets/Medieval Mega Pack/MMP 1/FBX/Barrel Stacks 1.fbx using Guid(35fe0ad320b23da45936c291932270d7) Importer(815301076,1909f56bfc062723c751e8b465ee728b)  -> (artifact id: 'e324048e96349e0ddbc42e1060e9f177') in 0.209767 seconds 
  Import took 0.220151 seconds .

========================================================================
Received Import Request.
  Time since last request: 0.000510 seconds.
  path: Assets/Medieval Mega Pack/MMP 1/Prefabs/Castles/Towers/Round Towers/Double RT Construction 5A_LOD_0 3.prefab
  artifactKey: Guid(f70731b764ca8444aa40272334493448) Importer(815301076,1909f56bfc062723c751e8b465ee728b)
Start importing Assets/Medieval Mega Pack/MMP 1/Prefabs/Castles/Towers/Round Towers/Double RT Construction 5A_LOD_0 3.prefab using Guid(f70731b764ca8444aa40272334493448) Importer(815301076,1909f56bfc062723c751e8b465ee728b)  -> (artifact id: '3cbee421c325e24fe9c3b2f6f7a844ac') in 0.175440 seconds 
  Import took 0.196898 seconds .

========================================================================
Received Import Request.
  Time since last request: 0.000564 seconds.
  path: Assets/Medieval Mega Pack/MMP 1/Prefabs/Castles/Towers/Round Towers/Double RT Roof Construction 1A_LOD_0.prefab
  artifactKey: Guid(23be2c1eaffc22f42927d9afa200066b) Importer(815301076,1909f56bfc062723c751e8b465ee728b)
Start importing Assets/Medieval Mega Pack/MMP 1/Prefabs/Castles/Towers/Round Towers/Double RT Roof Construction 1A_LOD_0.prefab using Guid(23be2c1eaffc22f42927d9afa200066b) Importer(815301076,1909f56bfc062723c751e8b465ee728b)  -> (artifact id: 'dfeb1150555e5c14313d13ff5e3f7354') in 0.194291 seconds 
  Import took 0.219393 seconds .

========================================================================
Received Import Request.
  Time since last request: 0.000655 seconds.
  path: Assets/Medieval Mega Pack/MMP 1/FBX/Blacksmith's Supply 1C.fbx
  artifactKey: Guid(544cfb2f2d681d04396a49d5420afbfe) Importer(815301076,1909f56bfc062723c751e8b465ee728b)
Start importing Assets/Medieval Mega Pack/MMP 1/FBX/Blacksmith's Supply 1C.fbx using Guid(544cfb2f2d681d04396a49d5420afbfe) Importer(815301076,1909f56bfc062723c751e8b465ee728b)  -> (artifact id: '7a40a1d796a1153cbcc032ac1193f1a0') in 1.320491 seconds 
  Import took 1.332364 seconds .

========================================================================
Received Import Request.
  Time since last request: 0.000507 seconds.
  path: Assets/Medieval Mega Pack/MMP 1/Prefabs/Castles/Towers/Square Towers/Square Tower 1A2 (Basic).prefab
  artifactKey: Guid(e57dab090e317ad48b989ed9181de5e2) Importer(815301076,1909f56bfc062723c751e8b465ee728b)
Start importing Assets/Medieval Mega Pack/MMP 1/Prefabs/Castles/Towers/Square Towers/Square Tower 1A2 (Basic).prefab using Guid(e57dab090e317ad48b989ed9181de5e2) Importer(815301076,1909f56bfc062723c751e8b465ee728b)  -> (artifact id: 'e54d10fdc55243911420f98591132170') in 0.129331 seconds 
  Import took 0.145407 seconds .

========================================================================
Received Import Request.
  Time since last request: 0.000567 seconds.
  path: Assets/Medieval Mega Pack/MMP 1/Prefabs/Castles/Towers/Round Towers/RT Construction 2 Pillars.prefab
  artifactKey: Guid(a4374bb2f8e88024a913772f0dce0ee2) Importer(815301076,1909f56bfc062723c751e8b465ee728b)
Start importing Assets/Medieval Mega Pack/MMP 1/Prefabs/Castles/Towers/Round Towers/RT Construction 2 Pillars.prefab using Guid(a4374bb2f8e88024a913772f0dce0ee2) Importer(815301076,1909f56bfc062723c751e8b465ee728b)  -> (artifact id: '2ea079fa787203e77fd4b06b241373d7') in 0.074782 seconds 
  Import took 0.086667 seconds .

========================================================================
Received Import Request.
  Time since last request: 0.000487 seconds.
  path: Assets/Medieval Mega Pack/MMP 1/Prefabs/Castles/Towers/Round Towers/Double RT Construction 5A_LOD_0.prefab
  artifactKey: Guid(f6234384284a4974bb8a5a730bf49623) Importer(815301076,1909f56bfc062723c751e8b465ee728b)
Start importing Assets/Medieval Mega Pack/MMP 1/Prefabs/Castles/Towers/Round Towers/Double RT Construction 5A_LOD_0.prefab using Guid(f6234384284a4974bb8a5a730bf49623) Importer(815301076,1909f56bfc062723c751e8b465ee728b)  -> (artifact id: 'a7ac818cdd75b1a21b30c5bb424f01e2') in 0.108643 seconds 
  Import took 0.124066 seconds .

========================================================================
Received Import Request.
  Time since last request: 0.000401 seconds.
  path: Assets/Medieval Mega Pack/MMP 1/Prefabs/Castles/Towers/Round Towers/Round Tower 3.prefab
  artifactKey: Guid(dac653941968ec7488af06ab73f357a2) Importer(815301076,1909f56bfc062723c751e8b465ee728b)
Start importing Assets/Medieval Mega Pack/MMP 1/Prefabs/Castles/Towers/Round Towers/Round Tower 3.prefab using Guid(dac653941968ec7488af06ab73f357a2) Importer(815301076,1909f56bfc062723c751e8b465ee728b)  -> (artifact id: '93f5b132aa6dc00a7f307964f55b1541') in 0.301535 seconds 
  Import took 0.325925 seconds .

========================================================================
Received Import Request.
  Time since last request: 0.000441 seconds.
  path: Assets/Medieval Mega Pack/MMP 1/Prefabs/Castles/Towers/Round Towers/Round Tower 1.prefab
  artifactKey: Guid(0826b3c75c01c6e4c8f0c16087b80168) Importer(815301076,1909f56bfc062723c751e8b465ee728b)
Start importing Assets/Medieval Mega Pack/MMP 1/Prefabs/Castles/Towers/Round Towers/Round Tower 1.prefab using Guid(0826b3c75c01c6e4c8f0c16087b80168) Importer(815301076,1909f56bfc062723c751e8b465ee728b)  -> (artifact id: '087ecd2414e77e4faf6aac196ea4d4e9') in 0.216298 seconds 
  Import took 0.231457 seconds .

========================================================================
Received Import Request.
  Time since last request: 0.000404 seconds.
  path: Assets/Medieval Mega Pack/MMP 1/FBX/Basic Rocks Groups 1.fbx
  artifactKey: Guid(785be5b19f770da4391e0cebbbab5ab5) Importer(815301076,1909f56bfc062723c751e8b465ee728b)
Start importing Assets/Medieval Mega Pack/MMP 1/FBX/Basic Rocks Groups 1.fbx using Guid(785be5b19f770da4391e0cebbbab5ab5) Importer(815301076,1909f56bfc062723c751e8b465ee728b)  -> (artifact id: '7f01e640679305e16c16ed88caf1c706') in 0.604076 seconds 
  Import took 0.615661 seconds .

========================================================================
Received Import Request.
  Time since last request: 0.000558 seconds.
  path: Assets/Medieval Mega Pack/MMP 1/FBX/Book Shelf 1.fbx
  artifactKey: Guid(fad67b3a26b0598409fe8d496cf8fc00) Importer(815301076,1909f56bfc062723c751e8b465ee728b)
Start importing Assets/Medieval Mega Pack/MMP 1/FBX/Book Shelf 1.fbx using Guid(fad67b3a26b0598409fe8d496cf8fc00) Importer(815301076,1909f56bfc062723c751e8b465ee728b)  -> (artifact id: '402911da36cf306c37ff2818b28d4d79') in 0.207555 seconds 
  Import took 0.221344 seconds .

========================================================================
Received Import Request.
  Time since last request: 0.000545 seconds.
  path: Assets/Medieval Mega Pack/MMP 1/Prefabs/Castles/Towers/Round Towers/Wall Attachment Crennelations 1 Small.prefab
  artifactKey: Guid(086bbb53d47b9fb498e9dc9ab419d66c) Importer(815301076,1909f56bfc062723c751e8b465ee728b)
Start importing Assets/Medieval Mega Pack/MMP 1/Prefabs/Castles/Towers/Round Towers/Wall Attachment Crennelations 1 Small.prefab using Guid(086bbb53d47b9fb498e9dc9ab419d66c) Importer(815301076,1909f56bfc062723c751e8b465ee728b)  -> (artifact id: 'e61427d836255a0167c5ba238fe1130a') in 0.157233 seconds 
  Import took 0.174460 seconds .

========================================================================
Received Import Request.
  Time since last request: 0.000524 seconds.
  path: Assets/Medieval Mega Pack/MMP 1/FBX/Blacksmith's Supply 1.fbx
  artifactKey: Guid(4844c0b403b4ee44cbba1b42d98f9e0c) Importer(815301076,1909f56bfc062723c751e8b465ee728b)
Start importing Assets/Medieval Mega Pack/MMP 1/FBX/Blacksmith's Supply 1.fbx using Guid(4844c0b403b4ee44cbba1b42d98f9e0c) Importer(815301076,1909f56bfc062723c751e8b465ee728b)  -> (artifact id: '5ccee1e53a05048a713663837014d822') in 0.495789 seconds 
  Import took 0.505342 seconds .

========================================================================
Received Import Request.
  Time since last request: 0.000497 seconds.
  path: Assets/Medieval Mega Pack/MMP 1/FBX/Buckets 1.fbx
  artifactKey: Guid(5c0b7f0758342c6439d9a4fb88b41da6) Importer(815301076,1909f56bfc062723c751e8b465ee728b)
Start importing Assets/Medieval Mega Pack/MMP 1/FBX/Buckets 1.fbx using Guid(5c0b7f0758342c6439d9a4fb88b41da6) Importer(815301076,1909f56bfc062723c751e8b465ee728b)  -> (artifact id: '2f6d8722480f04ec66393618d24e6cbc') in 0.222368 seconds 
  Import took 0.231038 seconds .

========================================================================
Received Import Request.
  Time since last request: 0.000400 seconds.
  path: Assets/Medieval Mega Pack/MMP 1/Prefabs/Castles/Towers/Round Towers/Round Tower 3 Extension A.prefab
  artifactKey: Guid(564fa438e8130c640b12a837676c753e) Importer(815301076,1909f56bfc062723c751e8b465ee728b)
Start importing Assets/Medieval Mega Pack/MMP 1/Prefabs/Castles/Towers/Round Towers/Round Tower 3 Extension A.prefab using Guid(564fa438e8130c640b12a837676c753e) Importer(815301076,1909f56bfc062723c751e8b465ee728b)  -> (artifact id: 'b23aa46cc353e39cf318d8809d617d4e') in 0.128846 seconds 
  Import took 0.136874 seconds .

========================================================================
Received Import Request.
  Time since last request: 0.000407 seconds.
  path: Assets/Medieval Mega Pack/MMP 1/Prefabs/Castles/Towers/Round Towers/RT Roof Construction Pillars.prefab
  artifactKey: Guid(930d567b015dab048bb5105bf4152bc7) Importer(815301076,1909f56bfc062723c751e8b465ee728b)
Start importing Assets/Medieval Mega Pack/MMP 1/Prefabs/Castles/Towers/Round Towers/RT Roof Construction Pillars.prefab using Guid(930d567b015dab048bb5105bf4152bc7) Importer(815301076,1909f56bfc062723c751e8b465ee728b)  -> (artifact id: 'dc2638e23ef0a2cc25a4ca7a054fbe6b') in 0.069514 seconds 
  Import took 0.080938 seconds .

========================================================================
Received Import Request.
  Time since last request: 0.000508 seconds.
  path: Assets/Medieval Mega Pack/MMP 1/FBX/Carts 1.fbx
  artifactKey: Guid(66b6ecbf3e454ca4f83f8e80b8eff3d1) Importer(815301076,1909f56bfc062723c751e8b465ee728b)
Start importing Assets/Medieval Mega Pack/MMP 1/FBX/Carts 1.fbx using Guid(66b6ecbf3e454ca4f83f8e80b8eff3d1) Importer(815301076,1909f56bfc062723c751e8b465ee728b)  -> (artifact id: '793bef7572d03213eda4c11088861a4e') in 0.223670 seconds 
  Import took 0.234048 seconds .

========================================================================
Received Import Request.
  Time since last request: 0.000473 seconds.
  path: Assets/Medieval Mega Pack/MMP 1/Prefabs/Castles/Towers/Square Towers/Square Tower 1A (Small) (Basic).prefab
  artifactKey: Guid(318d9203950eefa49ba022fecd7321af) Importer(815301076,1909f56bfc062723c751e8b465ee728b)
Start importing Assets/Medieval Mega Pack/MMP 1/Prefabs/Castles/Towers/Square Towers/Square Tower 1A (Small) (Basic).prefab using Guid(318d9203950eefa49ba022fecd7321af) Importer(815301076,1909f56bfc062723c751e8b465ee728b)  -> (artifact id: '8b56b696e90f97724fa21717039be1c9') in 0.141985 seconds 
  Import took 0.162589 seconds .

========================================================================
Received Import Request.
  Time since last request: 0.000400 seconds.
  path: Assets/Medieval Mega Pack/MMP 1/FBX/Castle Walls Round 1A.fbx
  artifactKey: Guid(5d3cec581a734b64fb60246c18e1151e) Importer(815301076,1909f56bfc062723c751e8b465ee728b)
Start importing Assets/Medieval Mega Pack/MMP 1/FBX/Castle Walls Round 1A.fbx using Guid(5d3cec581a734b64fb60246c18e1151e) Importer(815301076,1909f56bfc062723c751e8b465ee728b)  -> (artifact id: '1996dff92cf41c8068f0dff39243977b') in 0.296505 seconds 
  Import took 0.307339 seconds .

========================================================================
Received Import Request.
  Time since last request: 0.000508 seconds.
  path: Assets/Medieval Mega Pack/MMP 1/Prefabs/Castles/Towers/Round Towers/Double RT Construction 4B_LOD_0.prefab
  artifactKey: Guid(3d7272ad09688e441a60eb75f0cb8265) Importer(815301076,1909f56bfc062723c751e8b465ee728b)
Start importing Assets/Medieval Mega Pack/MMP 1/Prefabs/Castles/Towers/Round Towers/Double RT Construction 4B_LOD_0.prefab using Guid(3d7272ad09688e441a60eb75f0cb8265) Importer(815301076,1909f56bfc062723c751e8b465ee728b)  -> (artifact id: '8bae754087e0fe44952cd8ecf5ae9700') in 0.105647 seconds 
  Import took 0.119476 seconds .

========================================================================
Received Import Request.
  Time since last request: 0.000490 seconds.
  path: Assets/Medieval Mega Pack/MMP 1/Prefabs/Castles/Towers/Round Towers/Round Tower 2B.prefab
  artifactKey: Guid(832ec4af4ad341d4d9d83cef3403c0e4) Importer(815301076,1909f56bfc062723c751e8b465ee728b)
Start importing Assets/Medieval Mega Pack/MMP 1/Prefabs/Castles/Towers/Round Towers/Round Tower 2B.prefab using Guid(832ec4af4ad341d4d9d83cef3403c0e4) Importer(815301076,1909f56bfc062723c751e8b465ee728b)  -> (artifact id: 'f0bd738a33978769f3c7b8e1a45042d9') in 0.216378 seconds 
  Import took 0.238600 seconds .

========================================================================
Received Import Request.
  Time since last request: 0.000452 seconds.
  path: Assets/Medieval Mega Pack/MMP 1/Prefabs/Castles/Towers/Round Towers/Round Tower 2.prefab
  artifactKey: Guid(7167e419801211546ab321ac3fcb0c20) Importer(815301076,1909f56bfc062723c751e8b465ee728b)
Start importing Assets/Medieval Mega Pack/MMP 1/Prefabs/Castles/Towers/Round Towers/Round Tower 2.prefab using Guid(7167e419801211546ab321ac3fcb0c20) Importer(815301076,1909f56bfc062723c751e8b465ee728b)  -> (artifact id: '86711577573f943f3c1a31dc074ba83b') in 0.300656 seconds 
  Import took 0.321190 seconds .

========================================================================
Received Import Request.
  Time since last request: 0.000450 seconds.
  path: Assets/Medieval Mega Pack/MMP 1/FBX/Barrel 4A.fbx
  artifactKey: Guid(fabb59147902d2845830b93dda9a3436) Importer(815301076,1909f56bfc062723c751e8b465ee728b)
Start importing Assets/Medieval Mega Pack/MMP 1/FBX/Barrel 4A.fbx using Guid(fabb59147902d2845830b93dda9a3436) Importer(815301076,1909f56bfc062723c751e8b465ee728b)  -> (artifact id: '42e45ff5749499901733bbb672bdc3e5') in 0.350975 seconds 
  Import took 0.358229 seconds .

========================================================================
Received Import Request.
  Time since last request: 0.000539 seconds.
  path: Assets/Medieval Mega Pack/MMP 1/Prefabs/Castles/Towers/Square Towers/Square Tower 1A (Basic).prefab
  artifactKey: Guid(bd40e741d3a636e4b9e88db9b00bfe42) Importer(815301076,1909f56bfc062723c751e8b465ee728b)
Start importing Assets/Medieval Mega Pack/MMP 1/Prefabs/Castles/Towers/Square Towers/Square Tower 1A (Basic).prefab using Guid(bd40e741d3a636e4b9e88db9b00bfe42) Importer(815301076,1909f56bfc062723c751e8b465ee728b)  -> (artifact id: 'fb644fec1232b4682ef99f3d330decdb') in 0.139935 seconds 
  Import took 0.154024 seconds .

========================================================================
Received Import Request.
  Time since last request: 0.000513 seconds.
  path: Assets/Medieval Mega Pack/MMP 1/Prefabs/Castles/Towers/Round Towers/RT Construction 3A_LOD_0.prefab
  artifactKey: Guid(b3613e89e5153844696c74f73c448ec0) Importer(815301076,1909f56bfc062723c751e8b465ee728b)
Start importing Assets/Medieval Mega Pack/MMP 1/Prefabs/Castles/Towers/Round Towers/RT Construction 3A_LOD_0.prefab using Guid(b3613e89e5153844696c74f73c448ec0) Importer(815301076,1909f56bfc062723c751e8b465ee728b)  -> (artifact id: '05cec5bf079bace78c9a0073e83b6a86') in 0.106948 seconds 
  Import took 0.120315 seconds .

========================================================================
Received Import Request.
  Time since last request: 0.000425 seconds.
  path: Assets/Medieval Mega Pack/MMP 1/Prefabs/Castles/Towers/Square Towers/Square Tower 2B (Basic).prefab
  artifactKey: Guid(521f5aa0adffcc04dbc56096aa0ee76e) Importer(815301076,1909f56bfc062723c751e8b465ee728b)
Start importing Assets/Medieval Mega Pack/MMP 1/Prefabs/Castles/Towers/Square Towers/Square Tower 2B (Basic).prefab using Guid(521f5aa0adffcc04dbc56096aa0ee76e) Importer(815301076,1909f56bfc062723c751e8b465ee728b)  -> (artifact id: '49974dc79dc9ccba78a6203ec305d075') in 0.129102 seconds 
  Import took 0.142092 seconds .

========================================================================
Received Import Request.
  Time since last request: 0.000399 seconds.
  path: Assets/Medieval Mega Pack/MMP 1/FBX/Chapel 1.fbx
  artifactKey: Guid(b34231e4b5ddc924081edaf14875dbdd) Importer(815301076,1909f56bfc062723c751e8b465ee728b)
Start importing Assets/Medieval Mega Pack/MMP 1/FBX/Chapel 1.fbx using Guid(b34231e4b5ddc924081edaf14875dbdd) Importer(815301076,1909f56bfc062723c751e8b465ee728b)  -> (artifact id: '0d37880fa82765a4f681f2a79f19edcd') in 0.378212 seconds 
  Import took 0.390591 seconds .

========================================================================
Received Import Request.
  Time since last request: 0.000448 seconds.
  path: Assets/Medieval Mega Pack/MMP 1/Prefabs/Castles/Towers/Square Towers/Square Tower 2A (Basic).prefab
  artifactKey: Guid(ec63f37e755aa544495fdcbcc594fcab) Importer(815301076,1909f56bfc062723c751e8b465ee728b)
Start importing Assets/Medieval Mega Pack/MMP 1/Prefabs/Castles/Towers/Square Towers/Square Tower 2A (Basic).prefab using Guid(ec63f37e755aa544495fdcbcc594fcab) Importer(815301076,1909f56bfc062723c751e8b465ee728b)  -> (artifact id: '027964f08c8ca421839937200778afe2') in 0.137219 seconds 
  Import took 0.155635 seconds .

========================================================================
Received Import Request.
  Time since last request: 0.000471 seconds.
  path: Assets/Medieval Mega Pack/MMP 1/Prefabs/Castles/Towers/Round Towers/Double RT Construction 4A_LOD_0.prefab
  artifactKey: Guid(ecf066081f94a1f4fa0705205ab43684) Importer(815301076,1909f56bfc062723c751e8b465ee728b)
Start importing Assets/Medieval Mega Pack/MMP 1/Prefabs/Castles/Towers/Round Towers/Double RT Construction 4A_LOD_0.prefab using Guid(ecf066081f94a1f4fa0705205ab43684) Importer(815301076,1909f56bfc062723c751e8b465ee728b)  -> (artifact id: '878b88a5a8309c247d750ded52e3e8f1') in 0.107982 seconds 
  Import took 0.122555 seconds .

========================================================================
Received Import Request.
  Time since last request: 0.000480 seconds.
  path: Assets/Medieval Mega Pack/MMP 1/FBX/Barrel 4BC Flat.fbx
  artifactKey: Guid(f30078b1b7071f74eb6034e16791984a) Importer(815301076,1909f56bfc062723c751e8b465ee728b)
Start importing Assets/Medieval Mega Pack/MMP 1/FBX/Barrel 4BC Flat.fbx using Guid(f30078b1b7071f74eb6034e16791984a) Importer(815301076,1909f56bfc062723c751e8b465ee728b)  -> (artifact id: 'cc6a8bf688751a85b4ccd486f65e0b4a') in 0.265163 seconds 
  Import took 0.273765 seconds .

========================================================================
Received Import Request.
  Time since last request: 0.000397 seconds.
  path: Assets/Medieval Mega Pack/MMP 1/Prefabs/Castles/Towers/Square Towers/Square Tower 2B (Small) (Basic).prefab
  artifactKey: Guid(b8d143b411bda5d4da345041bf8725e2) Importer(815301076,1909f56bfc062723c751e8b465ee728b)
Start importing Assets/Medieval Mega Pack/MMP 1/Prefabs/Castles/Towers/Square Towers/Square Tower 2B (Small) (Basic).prefab using Guid(b8d143b411bda5d4da345041bf8725e2) Importer(815301076,1909f56bfc062723c751e8b465ee728b)  -> (artifact id: '99bb7820ce054fbab45107a741afbfd9') in 0.196823 seconds 
  Import took 0.209446 seconds .

========================================================================
Received Import Request.
  Time since last request: 0.000452 seconds.
  path: Assets/Medieval Mega Pack/MMP 1/Prefabs/Castles/Towers/Square Towers/Square Tower 1A3.prefab
  artifactKey: Guid(1d76854388e27554eb7384eb91315024) Importer(815301076,1909f56bfc062723c751e8b465ee728b)
Start importing Assets/Medieval Mega Pack/MMP 1/Prefabs/Castles/Towers/Square Towers/Square Tower 1A3.prefab using Guid(1d76854388e27554eb7384eb91315024) Importer(815301076,1909f56bfc062723c751e8b465ee728b)  -> (artifact id: '6c606a4569218d7d712f358074c018ea') in 0.339389 seconds 
  Import took 0.357327 seconds .

========================================================================
Received Import Request.
  Time since last request: 0.000548 seconds.
  path: Assets/Medieval Mega Pack/MMP 1/Prefabs/Castles/Stone Detail/Courtyard Platform 1 Mossy.prefab
  artifactKey: Guid(778a544fb3b5e5d4787155958547ccda) Importer(815301076,1909f56bfc062723c751e8b465ee728b)
Start importing Assets/Medieval Mega Pack/MMP 1/Prefabs/Castles/Stone Detail/Courtyard Platform 1 Mossy.prefab using Guid(778a544fb3b5e5d4787155958547ccda) Importer(815301076,1909f56bfc062723c751e8b465ee728b)  -> (artifact id: '7c6bba13d250ab00ec7be33195f84872') in 0.734664 seconds 
  Import took 0.746332 seconds .

========================================================================
Received Import Request.
  Time since last request: 0.000430 seconds.
  path: Assets/Medieval Mega Pack/MMP 1/Prefabs/Castles/Stone Detail/Stone Detail Wall 2A.prefab
  artifactKey: Guid(342d6aaa12eb23e4d8b39b9b9c2743b4) Importer(815301076,1909f56bfc062723c751e8b465ee728b)
Start importing Assets/Medieval Mega Pack/MMP 1/Prefabs/Castles/Stone Detail/Stone Detail Wall 2A.prefab using Guid(342d6aaa12eb23e4d8b39b9b9c2743b4) Importer(815301076,1909f56bfc062723c751e8b465ee728b)  -> (artifact id: '840343ec7b57e93340780b804f874d03') in 0.101510 seconds 
  Import took 0.112436 seconds .

========================================================================
Received Import Request.
  Time since last request: 0.000457 seconds.
  path: Assets/Medieval Mega Pack/MMP 1/Prefabs/Castles/Stone Detail/Platform Floor 1A.prefab
  artifactKey: Guid(305a1b8d42854c94eb70cc443c94dcd5) Importer(815301076,1909f56bfc062723c751e8b465ee728b)
Start importing Assets/Medieval Mega Pack/MMP 1/Prefabs/Castles/Stone Detail/Platform Floor 1A.prefab using Guid(305a1b8d42854c94eb70cc443c94dcd5) Importer(815301076,1909f56bfc062723c751e8b465ee728b)  -> (artifact id: '72bbf7a60913dbd973afab30d6e6561c') in 0.174538 seconds 
  Import took 0.186485 seconds .

========================================================================
Received Import Request.
  Time since last request: 0.000396 seconds.
  path: Assets/Medieval Mega Pack/MMP 1/Prefabs/Castles/Stone Detail/Stone Steps 1A.prefab
  artifactKey: Guid(92f7342b428643d4eb5147c2b6b0d1a9) Importer(815301076,1909f56bfc062723c751e8b465ee728b)
Start importing Assets/Medieval Mega Pack/MMP 1/Prefabs/Castles/Stone Detail/Stone Steps 1A.prefab using Guid(92f7342b428643d4eb5147c2b6b0d1a9) Importer(815301076,1909f56bfc062723c751e8b465ee728b)  -> (artifact id: 'e24e040dc1c8ef56e0d89304d2c0c0be') in 0.073783 seconds 
  Import took 0.086947 seconds .

========================================================================
Received Import Request.
  Time since last request: 0.000523 seconds.
  path: Assets/Medieval Mega Pack/MMP 1/Prefabs/Castles/Stone Detail/Stone Detail Wall 2B.prefab
  artifactKey: Guid(875656d03c94af44888a18ff65dfdef7) Importer(815301076,1909f56bfc062723c751e8b465ee728b)
Start importing Assets/Medieval Mega Pack/MMP 1/Prefabs/Castles/Stone Detail/Stone Detail Wall 2B.prefab using Guid(875656d03c94af44888a18ff65dfdef7) Importer(815301076,1909f56bfc062723c751e8b465ee728b)  -> (artifact id: '1bc284c12d827c1d31c9e057a2ffda4e') in 0.069979 seconds 
  Import took 0.082311 seconds .

========================================================================
Received Import Request.
  Time since last request: 0.000442 seconds.
  path: Assets/Medieval Mega Pack/MMP 1/Prefabs/Castles/Stone Detail/Stone Detail Pillar 1.prefab
  artifactKey: Guid(863142f3453746342b925c1d9663241f) Importer(815301076,1909f56bfc062723c751e8b465ee728b)
Start importing Assets/Medieval Mega Pack/MMP 1/Prefabs/Castles/Stone Detail/Stone Detail Pillar 1.prefab using Guid(863142f3453746342b925c1d9663241f) Importer(815301076,1909f56bfc062723c751e8b465ee728b)  -> (artifact id: '881561c7a36dfefdf0dc1842f07e9e85') in 0.069429 seconds 
  Import took 0.080878 seconds .

========================================================================
Received Import Request.
  Time since last request: 0.000694 seconds.
  path: Assets/Medieval Mega Pack/MMP 1/Prefabs/Castles/Stone Detail/Stone Steps Module 1.prefab
  artifactKey: Guid(ad43df5e61a8ebe4aa388ff9546b5db4) Importer(815301076,1909f56bfc062723c751e8b465ee728b)
Start importing Assets/Medieval Mega Pack/MMP 1/Prefabs/Castles/Stone Detail/Stone Steps Module 1.prefab using Guid(ad43df5e61a8ebe4aa388ff9546b5db4) Importer(815301076,1909f56bfc062723c751e8b465ee728b)  -> (artifact id: '197ed6b16a49eea7d41e7dde69839a9e') in 0.078307 seconds 
  Import took 0.089470 seconds .

========================================================================
Received Import Request.
  Time since last request: 0.000497 seconds.
  path: Assets/Medieval Mega Pack/MMP 1/Prefabs/Castles/Stone Detail/Arched Circle Module 1.prefab
  artifactKey: Guid(4335544aed260e4419f07f436872b162) Importer(815301076,1909f56bfc062723c751e8b465ee728b)
Start importing Assets/Medieval Mega Pack/MMP 1/Prefabs/Castles/Stone Detail/Arched Circle Module 1.prefab using Guid(4335544aed260e4419f07f436872b162) Importer(815301076,1909f56bfc062723c751e8b465ee728b)  -> (artifact id: '2a5be2eb0bfa9cf33a00730139784559') in 0.123408 seconds 
  Import took 0.132299 seconds .

========================================================================
Received Import Request.
  Time since last request: 0.000442 seconds.
  path: Assets/Medieval Mega Pack/MMP 1/Prefabs/Castles/Stone Detail/Stone Steps Module 3.prefab
  artifactKey: Guid(15cd85546dbc12a4d80db711e4556728) Importer(815301076,1909f56bfc062723c751e8b465ee728b)
Start importing Assets/Medieval Mega Pack/MMP 1/Prefabs/Castles/Stone Detail/Stone Steps Module 3.prefab using Guid(15cd85546dbc12a4d80db711e4556728) Importer(815301076,1909f56bfc062723c751e8b465ee728b)  -> (artifact id: 'c0533dec60b1bd415d2289f7a325af2b') in 0.802897 seconds 
  Import took 0.822595 seconds .

========================================================================
Received Import Request.
  Time since last request: 0.000463 seconds.
  path: Assets/Medieval Mega Pack/MMP 1/Prefabs/Castles/Stone Detail/Courtyard Platform 1.prefab
  artifactKey: Guid(9b18f7ab66f4cd84a86dbf65e7105860) Importer(815301076,1909f56bfc062723c751e8b465ee728b)
Start importing Assets/Medieval Mega Pack/MMP 1/Prefabs/Castles/Stone Detail/Courtyard Platform 1.prefab using Guid(9b18f7ab66f4cd84a86dbf65e7105860) Importer(815301076,1909f56bfc062723c751e8b465ee728b)  -> (artifact id: 'f4abc5c9cae5070aa4eb39c6b47069ae') in 0.090129 seconds 
  Import took 0.102279 seconds .

========================================================================
Received Import Request.
  Time since last request: 0.000445 seconds.
  path: Assets/Medieval Mega Pack/MMP 1/Prefabs/Castles/Stone Detail/Stone Detail Wall 1B.prefab
  artifactKey: Guid(78ab7d0a19863f746acab0d4000b5162) Importer(815301076,1909f56bfc062723c751e8b465ee728b)
Start importing Assets/Medieval Mega Pack/MMP 1/Prefabs/Castles/Stone Detail/Stone Detail Wall 1B.prefab using Guid(78ab7d0a19863f746acab0d4000b5162) Importer(815301076,1909f56bfc062723c751e8b465ee728b)  -> (artifact id: '89e86c32ec73b4660086e37561e12f19') in 0.068540 seconds 
  Import took 0.079565 seconds .

========================================================================
Received Import Request.
  Time since last request: 0.000504 seconds.
  path: Assets/Medieval Mega Pack/MMP 1/Prefabs/Castles/Stone Detail/Stone Detail Wall 1A.prefab
  artifactKey: Guid(75f4af02325b82d46a0aa8e4156a9f1e) Importer(815301076,1909f56bfc062723c751e8b465ee728b)
Start importing Assets/Medieval Mega Pack/MMP 1/Prefabs/Castles/Stone Detail/Stone Detail Wall 1A.prefab using Guid(75f4af02325b82d46a0aa8e4156a9f1e) Importer(815301076,1909f56bfc062723c751e8b465ee728b)  -> (artifact id: '0b8ad3920750b2ed1e5bbb39cbebf742') in 0.071242 seconds 
  Import took 0.081737 seconds .

========================================================================
Received Import Request.
  Time since last request: 0.000444 seconds.
  path: Assets/Medieval Mega Pack/MMP 1/Prefabs/Castles/Stone Detail/Stone Detail Post 1.prefab
  artifactKey: Guid(3874f42c96cd68140871a741d9fe5d8c) Importer(815301076,1909f56bfc062723c751e8b465ee728b)
Start importing Assets/Medieval Mega Pack/MMP 1/Prefabs/Castles/Stone Detail/Stone Detail Post 1.prefab using Guid(3874f42c96cd68140871a741d9fe5d8c) Importer(815301076,1909f56bfc062723c751e8b465ee728b)  -> (artifact id: '670fc9124cb261fcb19cc0cc7c6ebb22') in 0.069069 seconds 
  Import took 0.080259 seconds .

========================================================================
Received Import Request.
  Time since last request: 0.000654 seconds.
  path: Assets/Medieval Mega Pack/MMP 1/Prefabs/Castles/Stone Detail/Stone Steps 1B.prefab
  artifactKey: Guid(e47b1535182bd0a4bae0c804be0910d3) Importer(815301076,1909f56bfc062723c751e8b465ee728b)
Start importing Assets/Medieval Mega Pack/MMP 1/Prefabs/Castles/Stone Detail/Stone Steps 1B.prefab using Guid(e47b1535182bd0a4bae0c804be0910d3) Importer(815301076,1909f56bfc062723c751e8b465ee728b)  -> (artifact id: '95a063107bbf383fa7b3daf33a154c41') in 0.069383 seconds 
  Import took 0.081163 seconds .

========================================================================
Received Import Request.
  Time since last request: 0.000391 seconds.
  path: Assets/Medieval Mega Pack/MMP 1/Prefabs/Castles/Stone Detail/Stone Steps Module 2.prefab
  artifactKey: Guid(fd641295e5026ba44b012c22e3b3f6e1) Importer(815301076,1909f56bfc062723c751e8b465ee728b)
Start importing Assets/Medieval Mega Pack/MMP 1/Prefabs/Castles/Stone Detail/Stone Steps Module 2.prefab using Guid(fd641295e5026ba44b012c22e3b3f6e1) Importer(815301076,1909f56bfc062723c751e8b465ee728b)  -> (artifact id: 'b3537893042039610e792ca608ca3f24') in 0.114580 seconds 
  Import took 0.130653 seconds .

========================================================================
Received Import Request.
  Time since last request: 0.000604 seconds.
  path: Assets/Medieval Mega Pack/MMP 1/Prefabs/Castles/Towers/Square Towers/Square Tower 1B (Small) (Basic).prefab
  artifactKey: Guid(ed27fc2ccbbd7ab44b7be1f6f316106c) Importer(815301076,1909f56bfc062723c751e8b465ee728b)
Start importing Assets/Medieval Mega Pack/MMP 1/Prefabs/Castles/Towers/Square Towers/Square Tower 1B (Small) (Basic).prefab using Guid(ed27fc2ccbbd7ab44b7be1f6f316106c) Importer(815301076,1909f56bfc062723c751e8b465ee728b)  -> (artifact id: '642639b3b8370a328c7343efddbcadf4') in 0.136241 seconds 
  Import took 0.152652 seconds .

========================================================================
Received Import Request.
  Time since last request: 0.000508 seconds.
  path: Assets/Medieval Mega Pack/MMP 1/Prefabs/Castles/Towers/Round Towers/Double RT Construction 3B_LOD_0.prefab
  artifactKey: Guid(52c4f339184e33442b6d3d0676c2f20b) Importer(815301076,1909f56bfc062723c751e8b465ee728b)
Start importing Assets/Medieval Mega Pack/MMP 1/Prefabs/Castles/Towers/Round Towers/Double RT Construction 3B_LOD_0.prefab using Guid(52c4f339184e33442b6d3d0676c2f20b) Importer(815301076,1909f56bfc062723c751e8b465ee728b)  -> (artifact id: '54e52f28a86cb52f2d61810b38449741') in 1.287113 seconds 
  Import took 1.303481 seconds .

========================================================================
Received Import Request.
  Time since last request: 0.000528 seconds.
  path: Assets/Medieval Mega Pack/MMP 1/Prefabs/Castles/Towers/Round Towers/Double RT Construction 1A_LOD_0 1.prefab
  artifactKey: Guid(2b2e059ec9a0cfb46852042c76a9b3cd) Importer(815301076,1909f56bfc062723c751e8b465ee728b)
Start importing Assets/Medieval Mega Pack/MMP 1/Prefabs/Castles/Towers/Round Towers/Double RT Construction 1A_LOD_0 1.prefab using Guid(2b2e059ec9a0cfb46852042c76a9b3cd) Importer(815301076,1909f56bfc062723c751e8b465ee728b)  -> (artifact id: '8c0e5976c8b4c143563bb53ac8e529ac') in 0.063999 seconds 
  Import took 0.072962 seconds .

========================================================================
Received Import Request.
  Time since last request: 0.000394 seconds.
  path: Assets/Medieval Mega Pack/MMP 1/Prefabs/Castles/Towers/Square Towers/Square Tower 2A (Small) (Basic).prefab
  artifactKey: Guid(2411352087b49444ca4a7ebcb8fe86f8) Importer(815301076,1909f56bfc062723c751e8b465ee728b)
Start importing Assets/Medieval Mega Pack/MMP 1/Prefabs/Castles/Towers/Square Towers/Square Tower 2A (Small) (Basic).prefab using Guid(2411352087b49444ca4a7ebcb8fe86f8) Importer(815301076,1909f56bfc062723c751e8b465ee728b)  -> (artifact id: '558340d9407db2633905d78b0be8ad49') in 0.136443 seconds 
  Import took 0.151654 seconds .

========================================================================
Received Import Request.
  Time since last request: 0.000403 seconds.
  path: Assets/Medieval Mega Pack/MMP 1/Prefabs/Castles/Towers/Round Towers/RT Construction 5A_LOD_0.prefab
  artifactKey: Guid(fc13832694862254699648a3e5b2ec69) Importer(815301076,1909f56bfc062723c751e8b465ee728b)
Start importing Assets/Medieval Mega Pack/MMP 1/Prefabs/Castles/Towers/Round Towers/RT Construction 5A_LOD_0.prefab using Guid(fc13832694862254699648a3e5b2ec69) Importer(815301076,1909f56bfc062723c751e8b465ee728b)  -> (artifact id: '80a33185935410284b190887cb868a23') in 0.103584 seconds 
  Import took 0.119281 seconds .

========================================================================
Received Import Request.
  Time since last request: 142.677505 seconds.
  path: Assets/Medieval Mega Pack/MMP 1/Prefabs/Castles/Towers/Square Towers
  artifactKey: Guid(737060afc10fac94e8e9c8433d03f44e) Importer(815301076,1909f56bfc062723c751e8b465ee728b)
Start importing Assets/Medieval Mega Pack/MMP 1/Prefabs/Castles/Towers/Square Towers using Guid(737060afc10fac94e8e9c8433d03f44e) Importer(815301076,1909f56bfc062723c751e8b465ee728b)  -> (artifact id: '947a870545ab6dae3efeb5aca6622e73') in 0.031450 seconds 
  Import took 0.039080 seconds .

